PHP Warning:  PHP Startup: Unable to load dynamic library 'mysqli' (tried: ext\\mysqli (\xef\xbf\xbd\xef\xbf\xbd \xef\xbf\xbd\xef\xbf\xbd\xef\xbf\xbd\xef\xbf\xbd\xef\xbf\xbd\xef\xbf\xbd \xef\xbf\xbd\xef\xbf\xbd\xef\xbf\xbd\xef\xbf\xbd\xef\xbf\xbd\xef\xbf\xbd\xef\xbf\xbd\xef\xbf\xbd \xef\xbf\xbd\xef\xbf\xbd\xef\xbf\xbd\xef\xbf\xbd\xef\xbf\xbd.), ext\\php_mysqli.dll (\xef\xbf\xbd\xef\xbf\xbd \xef\xbf\xbd\xef\xbf\xbd\xef\xbf\xbd\xef\xbf\xbd\xef\xbf\xbd\xef\xbf\xbd \xef\xbf\xbd\xef\xbf\xbd\xef\xbf\xbd\xef\xbf\xbd\xef\xbf\xbd\xef\xbf\xbd\xef\xbf\xbd\xef\xbf\xbd \xef\xbf\xbd\xef\xbf\xbd\xef\xbf\xbd\xef\xbf\xbd\xef\xbf\xbd.)) in Unknown on line 0
[Thu May 24 15:29:24.801635 2018] [mpm_winnt:notice] [pid 12420:tid 580] AH00455: Apache/2.4.33 (Win64) PHP/7.2.5 configured -- resuming normal operations
[Thu May 24 15:29:24.801635 2018] [mpm_winnt:notice] [pid 12420:tid 580] AH00456: Apache Lounge VC15 Server built: Mar 28 2018 12:38:12
[Thu May 24 15:29:24.801635 2018] [core:notice] [pid 12420:tid 580] AH00094: Command line: 'c:\\Apache24\\bin\\httpd.exe -d C:/Apache24'
[Thu May 24 15:29:24.801635 2018] [mpm_winnt:notice] [pid 12420:tid 580] AH00418: Parent: Created child process 13984
PHP Warning:  PHP Startup: Unable to load dynamic library 'mysqli' (tried: ext\\mysqli (\xef\xbf\xbd\xef\xbf\xbd \xef\xbf\xbd\xef\xbf\xbd\xef\xbf\xbd\xef\xbf\xbd\xef\xbf\xbd\xef\xbf\xbd \xef\xbf\xbd\xef\xbf\xbd\xef\xbf\xbd\xef\xbf\xbd\xef\xbf\xbd\xef\xbf\xbd\xef\xbf\xbd\xef\xbf\xbd \xef\xbf\xbd\xef\xbf\xbd\xef\xbf\xbd\xef\xbf\xbd\xef\xbf\xbd.), ext\\php_mysqli.dll (\xef\xbf\xbd\xef\xbf\xbd \xef\xbf\xbd\xef\xbf\xbd\xef\xbf\xbd\xef\xbf\xbd\xef\xbf\xbd\xef\xbf\xbd \xef\xbf\xbd\xef\xbf\xbd\xef\xbf\xbd\xef\xbf\xbd\xef\xbf\xbd\xef\xbf\xbd\xef\xbf\xbd\xef\xbf\xbd \xef\xbf\xbd\xef\xbf\xbd\xef\xbf\xbd\xef\xbf\xbd\xef\xbf\xbd.)) in Unknown on line 0
[Thu May 24 15:29:24.989155 2018] [mpm_winnt:notice] [pid 13984:tid 532] AH00354: Child: Starting 64 worker threads.
[Fri May 25 12:27:38.390793 2018] [core:warn] [pid 2064:tid 532] AH00098: pid file C:/Apache24/logs/httpd.pid overwritten -- Unclean shutdown of previous Apache run?
PHP Warning:  PHP Startup: Unable to load dynamic library 'mysqli' (tried: ext\\mysqli (\xef\xbf\xbd\xef\xbf\xbd \xef\xbf\xbd\xef\xbf\xbd\xef\xbf\xbd\xef\xbf\xbd\xef\xbf\xbd\xef\xbf\xbd \xef\xbf\xbd\xef\xbf\xbd\xef\xbf\xbd\xef\xbf\xbd\xef\xbf\xbd\xef\xbf\xbd\xef\xbf\xbd\xef\xbf\xbd \xef\xbf\xbd\xef\xbf\xbd\xef\xbf\xbd\xef\xbf\xbd\xef\xbf\xbd.), ext\\php_mysqli.dll (\xef\xbf\xbd\xef\xbf\xbd \xef\xbf\xbd\xef\xbf\xbd\xef\xbf\xbd\xef\xbf\xbd\xef\xbf\xbd\xef\xbf\xbd \xef\xbf\xbd\xef\xbf\xbd\xef\xbf\xbd\xef\xbf\xbd\xef\xbf\xbd\xef\xbf\xbd\xef\xbf\xbd\xef\xbf\xbd \xef\xbf\xbd\xef\xbf\xbd\xef\xbf\xbd\xef\xbf\xbd\xef\xbf\xbd.)) in Unknown on line 0
[Fri May 25 12:27:38.484553 2018] [mpm_winnt:notice] [pid 2064:tid 532] AH00455: Apache/2.4.33 (Win64) PHP/7.2.5 configured -- resuming normal operations
[Fri May 25 12:27:38.484553 2018] [mpm_winnt:notice] [pid 2064:tid 532] AH00456: Apache Lounge VC15 Server built: Mar 28 2018 12:38:12
[Fri May 25 12:27:38.484553 2018] [core:notice] [pid 2064:tid 532] AH00094: Command line: 'c:\\Apache24\\bin\\httpd.exe -d C:/Apache24'
[Fri May 25 12:27:38.484553 2018] [mpm_winnt:notice] [pid 2064:tid 532] AH00418: Parent: Created child process 2608
PHP Warning:  PHP Startup: Unable to load dynamic library 'mysqli' (tried: ext\\mysqli (\xef\xbf\xbd\xef\xbf\xbd \xef\xbf\xbd\xef\xbf\xbd\xef\xbf\xbd\xef\xbf\xbd\xef\xbf\xbd\xef\xbf\xbd \xef\xbf\xbd\xef\xbf\xbd\xef\xbf\xbd\xef\xbf\xbd\xef\xbf\xbd\xef\xbf\xbd\xef\xbf\xbd\xef\xbf\xbd \xef\xbf\xbd\xef\xbf\xbd\xef\xbf\xbd\xef\xbf\xbd\xef\xbf\xbd.), ext\\php_mysqli.dll (\xef\xbf\xbd\xef\xbf\xbd \xef\xbf\xbd\xef\xbf\xbd\xef\xbf\xbd\xef\xbf\xbd\xef\xbf\xbd\xef\xbf\xbd \xef\xbf\xbd\xef\xbf\xbd\xef\xbf\xbd\xef\xbf\xbd\xef\xbf\xbd\xef\xbf\xbd\xef\xbf\xbd\xef\xbf\xbd \xef\xbf\xbd\xef\xbf\xbd\xef\xbf\xbd\xef\xbf\xbd\xef\xbf\xbd.)) in Unknown on line 0
[Fri May 25 12:27:38.718952 2018] [mpm_winnt:notice] [pid 2608:tid 528] AH00354: Child: Starting 64 worker threads.
[Sun May 27 16:02:58.651786 2018] [mpm_winnt:notice] [pid 2064:tid 532] AH00422: Parent: Received shutdown signal -- Shutting down the server.
[Sun May 27 16:03:00.699146 2018] [mpm_winnt:notice] [pid 2608:tid 528] AH00364: Child: All worker threads have exited.
[Sun May 27 16:03:00.730393 2018] [mpm_winnt:notice] [pid 2064:tid 532] AH00430: Parent: Child process 2608 exited successfully.
PHP Warning:  PHP Startup: Unable to load dynamic library 'mysqli' (tried: ext\\mysqli (\xef\xbf\xbd\xef\xbf\xbd \xef\xbf\xbd\xef\xbf\xbd\xef\xbf\xbd\xef\xbf\xbd\xef\xbf\xbd\xef\xbf\xbd \xef\xbf\xbd\xef\xbf\xbd\xef\xbf\xbd\xef\xbf\xbd\xef\xbf\xbd\xef\xbf\xbd\xef\xbf\xbd\xef\xbf\xbd \xef\xbf\xbd\xef\xbf\xbd\xef\xbf\xbd\xef\xbf\xbd\xef\xbf\xbd.), ext\\php_mysqli.dll (\xef\xbf\xbd\xef\xbf\xbd \xef\xbf\xbd\xef\xbf\xbd\xef\xbf\xbd\xef\xbf\xbd\xef\xbf\xbd\xef\xbf\xbd \xef\xbf\xbd\xef\xbf\xbd\xef\xbf\xbd\xef\xbf\xbd\xef\xbf\xbd\xef\xbf\xbd\xef\xbf\xbd\xef\xbf\xbd \xef\xbf\xbd\xef\xbf\xbd\xef\xbf\xbd\xef\xbf\xbd\xef\xbf\xbd.)) in Unknown on line 0
[Sun May 27 16:03:22.396802 2018] [mpm_winnt:notice] [pid 2444:tid 524] AH00455: Apache/2.4.33 (Win64) PHP/7.2.5 configured -- resuming normal operations
[Sun May 27 16:03:22.396802 2018] [mpm_winnt:notice] [pid 2444:tid 524] AH00456: Apache Lounge VC15 Server built: Mar 28 2018 12:38:12
[Sun May 27 16:03:22.396802 2018] [core:notice] [pid 2444:tid 524] AH00094: Command line: 'c:\\Apache24\\bin\\httpd.exe -d C:/Apache24'
[Sun May 27 16:03:22.396802 2018] [mpm_winnt:notice] [pid 2444:tid 524] AH00418: Parent: Created child process 3076
PHP Warning:  PHP Startup: Unable to load dynamic library 'mysqli' (tried: ext\\mysqli (\xef\xbf\xbd\xef\xbf\xbd \xef\xbf\xbd\xef\xbf\xbd\xef\xbf\xbd\xef\xbf\xbd\xef\xbf\xbd\xef\xbf\xbd \xef\xbf\xbd\xef\xbf\xbd\xef\xbf\xbd\xef\xbf\xbd\xef\xbf\xbd\xef\xbf\xbd\xef\xbf\xbd\xef\xbf\xbd \xef\xbf\xbd\xef\xbf\xbd\xef\xbf\xbd\xef\xbf\xbd\xef\xbf\xbd.), ext\\php_mysqli.dll (\xef\xbf\xbd\xef\xbf\xbd \xef\xbf\xbd\xef\xbf\xbd\xef\xbf\xbd\xef\xbf\xbd\xef\xbf\xbd\xef\xbf\xbd \xef\xbf\xbd\xef\xbf\xbd\xef\xbf\xbd\xef\xbf\xbd\xef\xbf\xbd\xef\xbf\xbd\xef\xbf\xbd\xef\xbf\xbd \xef\xbf\xbd\xef\xbf\xbd\xef\xbf\xbd\xef\xbf\xbd\xef\xbf\xbd.)) in Unknown on line 0
[Sun May 27 16:03:22.615575 2018] [mpm_winnt:notice] [pid 3076:tid 568] AH00354: Child: Starting 64 worker threads.
[Sun May 27 19:20:07.775624 2018] [php7:crit] [pid 3076:tid 1032] [client ::1:62342] PHP Parse error:  syntax error, unexpected 'require_once' (T_REQUIRE_ONCE), expecting ',' or ';' in C:\\t_site\\manage_users.php on line 4, referer: http://localhost/
[Sun May 27 19:21:06.987877 2018] [php7:crit] [pid 3076:tid 1044] [client ::1:62345] PHP Parse error:  syntax error, unexpected 'require_once' (T_REQUIRE_ONCE), expecting ',' or ';' in C:\\t_site\\manage_users.php on line 4, referer: http://localhost/
[Sun May 27 19:22:45.371735 2018] [php7:crit] [pid 3076:tid 1044] [client ::1:62350] PHP Parse error:  syntax error, unexpected 'require_once' (T_REQUIRE_ONCE), expecting ',' or ';' in C:\\t_site\\manage_users.php on line 4, referer: http://localhost/
[Sun May 27 19:22:49.083639 2018] [php7:crit] [pid 3076:tid 1044] [client ::1:62350] PHP Parse error:  syntax error, unexpected 'require_once' (T_REQUIRE_ONCE), expecting ',' or ';' in C:\\t_site\\manage_users.php on line 4, referer: http://localhost/
[Sun May 27 19:24:03.148035 2018] [php7:error] [pid 3076:tid 1044] [client ::1:62354] PHP Fatal error:  Uncaught Error: Call to undefined function mysqli_connect() in C:\\t_site\\manage_users.php:4\nStack trace:\n#0 {main}\n  thrown in C:\\t_site\\manage_users.php on line 4, referer: http://localhost/
[Sun May 27 19:24:25.739735 2018] [php7:error] [pid 3076:tid 1044] [client ::1:62357] PHP Fatal error:  Uncaught Error: Call to undefined function mysqli_connect() in C:\\t_site\\manage_users.php:4\nStack trace:\n#0 {main}\n  thrown in C:\\t_site\\manage_users.php on line 4, referer: http://localhost/
[Sun May 27 19:25:09.980520 2018] [php7:error] [pid 3076:tid 1044] [client ::1:62360] PHP Fatal error:  Uncaught Error: Call to undefined function mysqli_connect() in C:\\t_site\\manage_users.php:6\nStack trace:\n#0 {main}\n  thrown in C:\\t_site\\manage_users.php on line 6, referer: http://localhost/
[Sun May 27 19:25:13.123853 2018] [php7:error] [pid 3076:tid 1044] [client ::1:62360] PHP Fatal error:  Uncaught Error: Call to undefined function mysqli_connect() in C:\\t_site\\manage_users.php:6\nStack trace:\n#0 {main}\n  thrown in C:\\t_site\\manage_users.php on line 6, referer: http://localhost/
[Sun May 27 19:25:47.548276 2018] [php7:error] [pid 3076:tid 1044] [client ::1:62362] PHP Fatal error:  Uncaught Error: Call to undefined function mysqli_connect() in C:\\t_site\\manage_users.php:6\nStack trace:\n#0 {main}\n  thrown in C:\\t_site\\manage_users.php on line 6, referer: http://localhost/
[Sun May 27 19:25:48.742563 2018] [php7:error] [pid 3076:tid 1044] [client ::1:62362] PHP Fatal error:  Uncaught Error: Call to undefined function mysqli_connect() in C:\\t_site\\manage_users.php:6\nStack trace:\n#0 {main}\n  thrown in C:\\t_site\\manage_users.php on line 6, referer: http://localhost/
[Sun May 27 19:25:50.411841 2018] [php7:error] [pid 3076:tid 1044] [client ::1:62362] PHP Fatal error:  Uncaught Error: Call to undefined function mysqli_connect() in C:\\t_site\\manage_users.php:6\nStack trace:\n#0 {main}\n  thrown in C:\\t_site\\manage_users.php on line 6, referer: http://localhost/
[Sun May 27 19:30:07.547543 2018] [php7:error] [pid 3076:tid 1044] [client ::1:62373] PHP Fatal error:  Uncaught Error: Call to undefined function mysql_connect() in C:\\t_site\\manage_users.php:6\nStack trace:\n#0 {main}\n  thrown in C:\\t_site\\manage_users.php on line 6, referer: http://localhost/
[Sun May 27 19:30:48.007574 2018] [php7:error] [pid 3076:tid 1044] [client ::1:62376] PHP Fatal error:  Uncaught Error: Call to undefined function mysqli_connect() in C:\\t_site\\manage_users.php:6\nStack trace:\n#0 {main}\n  thrown in C:\\t_site\\manage_users.php on line 6, referer: http://localhost/
[Sun May 27 19:34:28.707469 2018] [php7:error] [pid 3076:tid 1044] [client ::1:62404] PHP Fatal error:  Uncaught Error: Call to undefined function mysql_connect() in C:\\t_site\\manage_users.php:6\nStack trace:\n#0 {main}\n  thrown in C:\\t_site\\manage_users.php on line 6, referer: http://localhost/
[Sun May 27 19:34:30.636618 2018] [php7:error] [pid 3076:tid 1044] [client ::1:62404] PHP Fatal error:  Uncaught Error: Call to undefined function mysql_connect() in C:\\t_site\\manage_users.php:6\nStack trace:\n#0 {main}\n  thrown in C:\\t_site\\manage_users.php on line 6, referer: http://localhost/
[Sun May 27 19:44:51.545699 2018] [php7:error] [pid 3076:tid 1044] [client ::1:62416] PHP Fatal error:  Uncaught Error: Call to undefined function mysql_connect() in C:\\t_site\\manage_users.php:10\nStack trace:\n#0 {main}\n  thrown in C:\\t_site\\manage_users.php on line 10, referer: http://localhost/
[Sun May 27 19:44:52.923286 2018] [php7:error] [pid 3076:tid 1044] [client ::1:62416] PHP Fatal error:  Uncaught Error: Call to undefined function mysql_connect() in C:\\t_site\\manage_users.php:10\nStack trace:\n#0 {main}\n  thrown in C:\\t_site\\manage_users.php on line 10, referer: http://localhost/
[Sun May 27 19:44:56.569377 2018] [php7:error] [pid 3076:tid 1044] [client ::1:62416] PHP Fatal error:  Uncaught Error: Call to undefined function mysql_connect() in C:\\t_site\\manage_users.php:10\nStack trace:\n#0 {main}\n  thrown in C:\\t_site\\manage_users.php on line 10, referer: http://localhost/
[Sun May 27 19:49:19.976574 2018] [php7:error] [pid 3076:tid 1036] [client ::1:62437] PHP Fatal error:  Uncaught Error: Call to undefined function mysql_connect() in C:\\t_site\\manage_users.php:10\nStack trace:\n#0 {main}\n  thrown in C:\\t_site\\manage_users.php on line 10, referer: http://localhost/
[Sun May 27 19:51:17.233126 2018] [php7:error] [pid 3076:tid 1044] [client ::1:62440] PHP Fatal error:  Uncaught Error: Call to undefined function mysql_connect() in C:\\t_site\\manage_users.php:10\nStack trace:\n#0 {main}\n  thrown in C:\\t_site\\manage_users.php on line 10, referer: http://localhost/
[Sun May 27 19:51:18.512579 2018] [php7:error] [pid 3076:tid 1044] [client ::1:62440] PHP Fatal error:  Uncaught Error: Call to undefined function mysql_connect() in C:\\t_site\\manage_users.php:10\nStack trace:\n#0 {main}\n  thrown in C:\\t_site\\manage_users.php on line 10, referer: http://localhost/
[Sun May 27 19:51:22.696521 2018] [php7:error] [pid 3076:tid 1044] [client ::1:62440] PHP Fatal error:  Uncaught Error: Call to undefined function mysql_connect() in C:\\t_site\\manage_users.php:10\nStack trace:\n#0 {main}\n  thrown in C:\\t_site\\manage_users.php on line 10, referer: http://localhost/
[Sun May 27 19:53:22.546556 2018] [php7:error] [pid 3076:tid 1036] [client ::1:62445] PHP Fatal error:  Uncaught Error: Call to undefined function mysql_connect() in C:\\t_site\\manage_users.php:10\nStack trace:\n#0 {main}\n  thrown in C:\\t_site\\manage_users.php on line 10, referer: http://localhost/
[Sun May 27 19:53:28.424459 2018] [php7:error] [pid 3076:tid 1036] [client ::1:62446] PHP Fatal error:  Uncaught Error: Call to undefined function mysql_connect() in C:\\t_site\\manage_users.php:10\nStack trace:\n#0 {main}\n  thrown in C:\\t_site\\manage_users.php on line 10, referer: http://localhost/
[Sun May 27 19:53:32.378668 2018] [php7:error] [pid 3076:tid 1036] [client ::1:62446] PHP Fatal error:  Uncaught Error: Call to undefined function mysql_connect() in C:\\t_site\\manage_users.php:10\nStack trace:\n#0 {main}\n  thrown in C:\\t_site\\manage_users.php on line 10, referer: http://localhost/
[Sun May 27 20:31:53.067852 2018] [php7:error] [pid 3076:tid 1036] [client ::1:62540] PHP Fatal error:  Uncaught Error: Call to undefined function mysql_connect() in C:\\t_site\\manage_users.php:10\nStack trace:\n#0 {main}\n  thrown in C:\\t_site\\manage_users.php on line 10, referer: http://localhost/
[Sun May 27 20:31:54.549353 2018] [php7:error] [pid 3076:tid 1036] [client ::1:62540] PHP Fatal error:  Uncaught Error: Call to undefined function mysql_connect() in C:\\t_site\\manage_users.php:10\nStack trace:\n#0 {main}\n  thrown in C:\\t_site\\manage_users.php on line 10, referer: http://localhost/
[Sun May 27 20:31:57.635233 2018] [php7:error] [pid 3076:tid 1036] [client ::1:62540] PHP Fatal error:  Uncaught Error: Call to undefined function mysql_connect() in C:\\t_site\\manage_users.php:10\nStack trace:\n#0 {main}\n  thrown in C:\\t_site\\manage_users.php on line 10, referer: http://localhost/
[Sun May 27 21:06:42.782616 2018] [php7:error] [pid 3076:tid 1036] [client ::1:62656] PHP Fatal error:  Uncaught Error: Call to undefined function mysql_connect() in C:\\t_site\\manage_users.php:10\nStack trace:\n#0 {main}\n  thrown in C:\\t_site\\manage_users.php on line 10, referer: http://localhost/
[Sun May 27 21:07:06.023619 2018] [php7:error] [pid 3076:tid 1044] [client ::1:62660] PHP Fatal error:  Uncaught Error: Call to undefined function mysql_connect() in C:\\t_site\\manage_users.php:10\nStack trace:\n#0 {main}\n  thrown in C:\\t_site\\manage_users.php on line 10, referer: http://localhost/
[Sun May 27 21:07:08.567349 2018] [php7:error] [pid 3076:tid 1044] [client ::1:62660] PHP Fatal error:  Uncaught Error: Call to undefined function mysql_connect() in C:\\t_site\\manage_users.php:10\nStack trace:\n#0 {main}\n  thrown in C:\\t_site\\manage_users.php on line 10, referer: http://localhost/
[Sun May 27 21:07:10.406977 2018] [php7:error] [pid 3076:tid 1044] [client ::1:62660] PHP Fatal error:  Uncaught Error: Call to undefined function mysql_connect() in C:\\t_site\\manage_users.php:10\nStack trace:\n#0 {main}\n  thrown in C:\\t_site\\manage_users.php on line 10, referer: http://localhost/
[Sun May 27 21:07:13.550693 2018] [php7:error] [pid 3076:tid 1044] [client ::1:62660] PHP Fatal error:  Uncaught Error: Call to undefined function mysql_connect() in C:\\t_site\\manage_users.php:10\nStack trace:\n#0 {main}\n  thrown in C:\\t_site\\manage_users.php on line 10, referer: http://localhost/
[Sun May 27 21:07:30.351515 2018] [php7:error] [pid 3076:tid 1036] [client ::1:62663] PHP Fatal error:  Uncaught Error: Call to undefined function mysql_connect() in C:\\t_site\\manage_users.php:10\nStack trace:\n#0 {main}\n  thrown in C:\\t_site\\manage_users.php on line 10, referer: http://localhost/
[Sun May 27 21:07:32.127262 2018] [php7:error] [pid 3076:tid 1036] [client ::1:62663] PHP Fatal error:  Uncaught Error: Call to undefined function mysql_connect() in C:\\t_site\\manage_users.php:10\nStack trace:\n#0 {main}\n  thrown in C:\\t_site\\manage_users.php on line 10, referer: http://localhost/
[Sun May 27 21:07:33.593317 2018] [php7:error] [pid 3076:tid 1036] [client ::1:62663] PHP Fatal error:  Uncaught Error: Call to undefined function mysql_connect() in C:\\t_site\\manage_users.php:10\nStack trace:\n#0 {main}\n  thrown in C:\\t_site\\manage_users.php on line 10, referer: http://localhost/
[Sun May 27 21:13:50.431636 2018] [php7:error] [pid 3076:tid 1036] [client ::1:62703] PHP Fatal error:  Uncaught Error: Call to undefined function mysqli_connect() in C:\\t_site\\manage_users.php:10\nStack trace:\n#0 {main}\n  thrown in C:\\t_site\\manage_users.php on line 10, referer: http://localhost/
[Sun May 27 21:13:53.551652 2018] [php7:error] [pid 3076:tid 1036] [client ::1:62703] PHP Fatal error:  Uncaught Error: Call to undefined function mysqli_connect() in C:\\t_site\\manage_users.php:10\nStack trace:\n#0 {main}\n  thrown in C:\\t_site\\manage_users.php on line 10, referer: http://localhost/
[Sun May 27 21:28:25.434521 2018] [mpm_winnt:notice] [pid 2444:tid 524] AH00424: Parent: Received restart signal -- Restarting the server.
PHP Warning:  PHP Startup: Unable to load dynamic library 'mysqli' (tried: ext\\mysqli (\xef\xbf\xbd\xef\xbf\xbd \xef\xbf\xbd\xef\xbf\xbd\xef\xbf\xbd\xef\xbf\xbd\xef\xbf\xbd\xef\xbf\xbd \xef\xbf\xbd\xef\xbf\xbd\xef\xbf\xbd\xef\xbf\xbd\xef\xbf\xbd\xef\xbf\xbd\xef\xbf\xbd\xef\xbf\xbd \xef\xbf\xbd\xef\xbf\xbd\xef\xbf\xbd\xef\xbf\xbd\xef\xbf\xbd.), ext\\php_mysqli.dll (\xef\xbf\xbd\xef\xbf\xbd \xef\xbf\xbd\xef\xbf\xbd\xef\xbf\xbd\xef\xbf\xbd\xef\xbf\xbd\xef\xbf\xbd \xef\xbf\xbd\xef\xbf\xbd\xef\xbf\xbd\xef\xbf\xbd\xef\xbf\xbd\xef\xbf\xbd\xef\xbf\xbd\xef\xbf\xbd \xef\xbf\xbd\xef\xbf\xbd\xef\xbf\xbd\xef\xbf\xbd\xef\xbf\xbd.)) in Unknown on line 0
PHP Warning:  PHP Startup: Unable to load dynamic library 'mysqli' (tried: ext\\mysqli (\xef\xbf\xbd\xef\xbf\xbd \xef\xbf\xbd\xef\xbf\xbd\xef\xbf\xbd\xef\xbf\xbd\xef\xbf\xbd\xef\xbf\xbd \xef\xbf\xbd\xef\xbf\xbd\xef\xbf\xbd\xef\xbf\xbd\xef\xbf\xbd\xef\xbf\xbd\xef\xbf\xbd\xef\xbf\xbd \xef\xbf\xbd\xef\xbf\xbd\xef\xbf\xbd\xef\xbf\xbd\xef\xbf\xbd.), ext\\php_mysqli.dll (\xef\xbf\xbd\xef\xbf\xbd \xef\xbf\xbd\xef\xbf\xbd\xef\xbf\xbd\xef\xbf\xbd\xef\xbf\xbd\xef\xbf\xbd \xef\xbf\xbd\xef\xbf\xbd\xef\xbf\xbd\xef\xbf\xbd\xef\xbf\xbd\xef\xbf\xbd\xef\xbf\xbd\xef\xbf\xbd \xef\xbf\xbd\xef\xbf\xbd\xef\xbf\xbd\xef\xbf\xbd\xef\xbf\xbd.)) in Unknown on line 0
PHP Warning:  PHP Startup: Unable to load dynamic library 'pdo_mysql' (tried: ext\\pdo_mysql (\xef\xbf\xbd\xef\xbf\xbd \xef\xbf\xbd\xef\xbf\xbd\xef\xbf\xbd\xef\xbf\xbd\xef\xbf\xbd\xef\xbf\xbd \xef\xbf\xbd\xef\xbf\xbd\xef\xbf\xbd\xef\xbf\xbd\xef\xbf\xbd\xef\xbf\xbd\xef\xbf\xbd\xef\xbf\xbd \xef\xbf\xbd\xef\xbf\xbd\xef\xbf\xbd\xef\xbf\xbd\xef\xbf\xbd.), ext\\php_pdo_mysql.dll (\xef\xbf\xbd\xef\xbf\xbd \xef\xbf\xbd\xef\xbf\xbd\xef\xbf\xbd\xef\xbf\xbd\xef\xbf\xbd\xef\xbf\xbd \xef\xbf\xbd\xef\xbf\xbd\xef\xbf\xbd\xef\xbf\xbd\xef\xbf\xbd\xef\xbf\xbd\xef\xbf\xbd\xef\xbf\xbd \xef\xbf\xbd\xef\xbf\xbd\xef\xbf\xbd\xef\xbf\xbd\xef\xbf\xbd.)) in Unknown on line 0
[Sun May 27 21:28:25.680071 2018] [mpm_winnt:notice] [pid 2444:tid 524] AH00455: Apache/2.4.33 (Win64) PHP/7.2.5 configured -- resuming normal operations
[Sun May 27 21:28:25.680071 2018] [mpm_winnt:notice] [pid 2444:tid 524] AH00456: Apache Lounge VC15 Server built: Mar 28 2018 12:38:12
[Sun May 27 21:28:25.680071 2018] [core:notice] [pid 2444:tid 524] AH00094: Command line: 'c:\\Apache24\\bin\\httpd.exe -d C:/Apache24'
[Sun May 27 21:28:25.690619 2018] [mpm_winnt:notice] [pid 2444:tid 524] AH00418: Parent: Created child process 10384
PHP Warning:  PHP Startup: Unable to load dynamic library 'mysqli' (tried: ext\\mysqli (\xef\xbf\xbd\xef\xbf\xbd \xef\xbf\xbd\xef\xbf\xbd\xef\xbf\xbd\xef\xbf\xbd\xef\xbf\xbd\xef\xbf\xbd \xef\xbf\xbd\xef\xbf\xbd\xef\xbf\xbd\xef\xbf\xbd\xef\xbf\xbd\xef\xbf\xbd\xef\xbf\xbd\xef\xbf\xbd \xef\xbf\xbd\xef\xbf\xbd\xef\xbf\xbd\xef\xbf\xbd\xef\xbf\xbd.), ext\\php_mysqli.dll (\xef\xbf\xbd\xef\xbf\xbd \xef\xbf\xbd\xef\xbf\xbd\xef\xbf\xbd\xef\xbf\xbd\xef\xbf\xbd\xef\xbf\xbd \xef\xbf\xbd\xef\xbf\xbd\xef\xbf\xbd\xef\xbf\xbd\xef\xbf\xbd\xef\xbf\xbd\xef\xbf\xbd\xef\xbf\xbd \xef\xbf\xbd\xef\xbf\xbd\xef\xbf\xbd\xef\xbf\xbd\xef\xbf\xbd.)) in Unknown on line 0
PHP Warning:  PHP Startup: Unable to load dynamic library 'mysqli' (tried: ext\\mysqli (\xef\xbf\xbd\xef\xbf\xbd \xef\xbf\xbd\xef\xbf\xbd\xef\xbf\xbd\xef\xbf\xbd\xef\xbf\xbd\xef\xbf\xbd \xef\xbf\xbd\xef\xbf\xbd\xef\xbf\xbd\xef\xbf\xbd\xef\xbf\xbd\xef\xbf\xbd\xef\xbf\xbd\xef\xbf\xbd \xef\xbf\xbd\xef\xbf\xbd\xef\xbf\xbd\xef\xbf\xbd\xef\xbf\xbd.), ext\\php_mysqli.dll (\xef\xbf\xbd\xef\xbf\xbd \xef\xbf\xbd\xef\xbf\xbd\xef\xbf\xbd\xef\xbf\xbd\xef\xbf\xbd\xef\xbf\xbd \xef\xbf\xbd\xef\xbf\xbd\xef\xbf\xbd\xef\xbf\xbd\xef\xbf\xbd\xef\xbf\xbd\xef\xbf\xbd\xef\xbf\xbd \xef\xbf\xbd\xef\xbf\xbd\xef\xbf\xbd\xef\xbf\xbd\xef\xbf\xbd.)) in Unknown on line 0
PHP Warning:  PHP Startup: Unable to load dynamic library 'pdo_mysql' (tried: ext\\pdo_mysql (\xef\xbf\xbd\xef\xbf\xbd \xef\xbf\xbd\xef\xbf\xbd\xef\xbf\xbd\xef\xbf\xbd\xef\xbf\xbd\xef\xbf\xbd \xef\xbf\xbd\xef\xbf\xbd\xef\xbf\xbd\xef\xbf\xbd\xef\xbf\xbd\xef\xbf\xbd\xef\xbf\xbd\xef\xbf\xbd \xef\xbf\xbd\xef\xbf\xbd\xef\xbf\xbd\xef\xbf\xbd\xef\xbf\xbd.), ext\\php_pdo_mysql.dll (\xef\xbf\xbd\xef\xbf\xbd \xef\xbf\xbd\xef\xbf\xbd\xef\xbf\xbd\xef\xbf\xbd\xef\xbf\xbd\xef\xbf\xbd \xef\xbf\xbd\xef\xbf\xbd\xef\xbf\xbd\xef\xbf\xbd\xef\xbf\xbd\xef\xbf\xbd\xef\xbf\xbd\xef\xbf\xbd \xef\xbf\xbd\xef\xbf\xbd\xef\xbf\xbd\xef\xbf\xbd\xef\xbf\xbd.)) in Unknown on line 0
[Sun May 27 21:28:26.443996 2018] [mpm_winnt:notice] [pid 10384:tid 584] AH00354: Child: Starting 64 worker threads.
[Sun May 27 21:28:27.444639 2018] [mpm_winnt:notice] [pid 3076:tid 568] AH00364: Child: All worker threads have exited.
[Sun May 27 21:28:34.501896 2018] [php7:error] [pid 10384:tid 1084] [client ::1:62726] PHP Fatal error:  Uncaught Error: Call to undefined function mysqli_connect() in C:\\t_site\\manage_users.php:10\nStack trace:\n#0 {main}\n  thrown in C:\\t_site\\manage_users.php on line 10, referer: http://localhost/
[Sun May 27 21:28:36.471230 2018] [php7:error] [pid 10384:tid 1084] [client ::1:62726] PHP Fatal error:  Uncaught Error: Call to undefined function mysqli_connect() in C:\\t_site\\manage_users.php:10\nStack trace:\n#0 {main}\n  thrown in C:\\t_site\\manage_users.php on line 10, referer: http://localhost/
[Sun May 27 21:28:41.820683 2018] [php7:error] [pid 10384:tid 1084] [client ::1:62726] PHP Fatal error:  Uncaught Error: Call to undefined function mysqli_connect() in C:\\t_site\\manage_users.php:10\nStack trace:\n#0 {main}\n  thrown in C:\\t_site\\manage_users.php on line 10, referer: http://localhost/
[Sun May 27 21:28:45.139805 2018] [php7:error] [pid 10384:tid 1084] [client ::1:62726] PHP Fatal error:  Uncaught Error: Call to undefined function mysqli_connect() in C:\\t_site\\manage_users.php:10\nStack trace:\n#0 {main}\n  thrown in C:\\t_site\\manage_users.php on line 10, referer: http://localhost/
[Sun May 27 21:36:14.932419 2018] [php7:error] [pid 10384:tid 1080] [client ::1:62833] PHP Fatal error:  Uncaught Error: Call to undefined function mysqli_connect() in C:\\t_site\\manage_users.php:10\nStack trace:\n#0 {main}\n  thrown in C:\\t_site\\manage_users.php on line 10, referer: http://localhost/
[Sun May 27 21:36:16.109664 2018] [php7:error] [pid 10384:tid 1080] [client ::1:62833] PHP Fatal error:  Uncaught Error: Call to undefined function mysqli_connect() in C:\\t_site\\manage_users.php:10\nStack trace:\n#0 {main}\n  thrown in C:\\t_site\\manage_users.php on line 10, referer: http://localhost/
[Sun May 27 21:36:16.618499 2018] [php7:error] [pid 10384:tid 1080] [client ::1:62833] PHP Fatal error:  Uncaught Error: Call to undefined function mysqli_connect() in C:\\t_site\\manage_users.php:10\nStack trace:\n#0 {main}\n  thrown in C:\\t_site\\manage_users.php on line 10, referer: http://localhost/
[Sun May 27 21:39:54.811176 2018] [php7:error] [pid 10384:tid 1080] [client ::1:62838] PHP Fatal error:  Uncaught Error: Call to undefined function mysqli_connect() in C:\\t_site\\manage_users.php:10\nStack trace:\n#0 {main}\n  thrown in C:\\t_site\\manage_users.php on line 10, referer: http://localhost/
[Sun May 27 21:39:56.202786 2018] [php7:error] [pid 10384:tid 1080] [client ::1:62838] PHP Fatal error:  Uncaught Error: Call to undefined function mysqli_connect() in C:\\t_site\\manage_users.php:10\nStack trace:\n#0 {main}\n  thrown in C:\\t_site\\manage_users.php on line 10, referer: http://localhost/
[Sun May 27 21:46:14.182866 2018] [php7:error] [pid 10384:tid 1080] [client ::1:62890] PHP Fatal error:  Uncaught Error: Call to undefined function mysqli_connect() in C:\\t_site\\manage_users.php:10\nStack trace:\n#0 {main}\n  thrown in C:\\t_site\\manage_users.php on line 10, referer: http://localhost/
[Sun May 27 22:02:50.700711 2018] [mpm_winnt:notice] [pid 2444:tid 524] AH00424: Parent: Received restart signal -- Restarting the server.
PHP Warning:  Module 'mysqli' already loaded in Unknown on line 0
[Sun May 27 22:02:50.794497 2018] [mpm_winnt:notice] [pid 2444:tid 524] AH00455: Apache/2.4.33 (Win64) PHP/7.2.5 configured -- resuming normal operations
[Sun May 27 22:02:50.794497 2018] [mpm_winnt:notice] [pid 2444:tid 524] AH00456: Apache Lounge VC15 Server built: Mar 28 2018 12:38:12
[Sun May 27 22:02:50.794497 2018] [core:notice] [pid 2444:tid 524] AH00094: Command line: 'c:\\Apache24\\bin\\httpd.exe -d C:/Apache24'
[Sun May 27 22:02:50.794497 2018] [mpm_winnt:notice] [pid 2444:tid 524] AH00418: Parent: Created child process 8632
PHP Warning:  Module 'mysqli' already loaded in Unknown on line 0
[Sun May 27 22:02:51.724249 2018] [mpm_winnt:notice] [pid 8632:tid 552] AH00354: Child: Starting 64 worker threads.
[Sun May 27 22:02:52.738654 2018] [mpm_winnt:notice] [pid 10384:tid 584] AH00364: Child: All worker threads have exited.
[Sun May 27 22:03:03.803994 2018] [php7:warn] [pid 8632:tid 1084] [client ::1:58936] PHP Warning:  mysqli_connect(): (HY000/2002): \xef\xbf\xbd\xef\xbf\xbd\xef\xbf\xbd\xef\xbf\xbd\xef\xbf\xbd\xef\xbf\xbd\xef\xbf\xbd\xef\xbf\xbd\xef\xbf\xbd \xef\xbf\xbd\xef\xbf\xbd \xef\xbf\xbd\xef\xbf\xbd\xef\xbf\xbd\xef\xbf\xbd\xef\xbf\xbd\xef\xbf\xbd\xef\xbf\xbd\xef\xbf\xbd\xef\xbf\xbd\xef\xbf\xbd\xef\xbf\xbd, \xef\xbf\xbd.\xef\xbf\xbd. \xef\xbf\xbd\xef\xbf\xbd\xef\xbf\xbd\xef\xbf\xbd\xef\xbf\xbd\xef\xbf\xbd \xef\xbf\xbd\xef\xbf\xbd\xef\xbf\xbd\xef\xbf\xbd\xef\xbf\xbd\xef\xbf\xbd\xef\xbf\xbd \xef\xbf\xbd\xef\xbf\xbd\xef\xbf\xbd\xef\xbf\xbd\xef\xbf\xbd\xef\xbf\xbd \xef\xbf\xbd\xef\xbf\xbd\xef\xbf\xbd\xef\xbf\xbd\xef\xbf\xbd\xef\xbf\xbd \xef\xbf\xbd\xef\xbf\xbd \xef\xbf\xbd\xef\xbf\xbd\xef\xbf\xbd\xef\xbf\xbd\xef\xbf\xbd\xef\xbf\xbd\xef\xbf\xbd\xef\xbf\xbd\xef\xbf\xbd.\r\n in C:\\t_site\\manage_users.php on line 10, referer: http://localhost/
[Sun May 27 22:03:08.332863 2018] [php7:warn] [pid 8632:tid 1084] [client ::1:58936] PHP Warning:  mysqli_connect(): (HY000/2002): \xef\xbf\xbd\xef\xbf\xbd\xef\xbf\xbd\xef\xbf\xbd\xef\xbf\xbd\xef\xbf\xbd\xef\xbf\xbd\xef\xbf\xbd\xef\xbf\xbd \xef\xbf\xbd\xef\xbf\xbd \xef\xbf\xbd\xef\xbf\xbd\xef\xbf\xbd\xef\xbf\xbd\xef\xbf\xbd\xef\xbf\xbd\xef\xbf\xbd\xef\xbf\xbd\xef\xbf\xbd\xef\xbf\xbd\xef\xbf\xbd, \xef\xbf\xbd.\xef\xbf\xbd. \xef\xbf\xbd\xef\xbf\xbd\xef\xbf\xbd\xef\xbf\xbd\xef\xbf\xbd\xef\xbf\xbd \xef\xbf\xbd\xef\xbf\xbd\xef\xbf\xbd\xef\xbf\xbd\xef\xbf\xbd\xef\xbf\xbd\xef\xbf\xbd \xef\xbf\xbd\xef\xbf\xbd\xef\xbf\xbd\xef\xbf\xbd\xef\xbf\xbd\xef\xbf\xbd \xef\xbf\xbd\xef\xbf\xbd\xef\xbf\xbd\xef\xbf\xbd\xef\xbf\xbd\xef\xbf\xbd \xef\xbf\xbd\xef\xbf\xbd \xef\xbf\xbd\xef\xbf\xbd\xef\xbf\xbd\xef\xbf\xbd\xef\xbf\xbd\xef\xbf\xbd\xef\xbf\xbd\xef\xbf\xbd\xef\xbf\xbd.\r\n in C:\\t_site\\manage_users.php on line 10, referer: http://localhost/
[Sun May 27 22:03:10.055328 2018] [php7:warn] [pid 8632:tid 1080] [client ::1:58939] PHP Warning:  mysqli_connect(): (HY000/2002): \xef\xbf\xbd\xef\xbf\xbd\xef\xbf\xbd\xef\xbf\xbd\xef\xbf\xbd\xef\xbf\xbd\xef\xbf\xbd\xef\xbf\xbd\xef\xbf\xbd \xef\xbf\xbd\xef\xbf\xbd \xef\xbf\xbd\xef\xbf\xbd\xef\xbf\xbd\xef\xbf\xbd\xef\xbf\xbd\xef\xbf\xbd\xef\xbf\xbd\xef\xbf\xbd\xef\xbf\xbd\xef\xbf\xbd\xef\xbf\xbd, \xef\xbf\xbd.\xef\xbf\xbd. \xef\xbf\xbd\xef\xbf\xbd\xef\xbf\xbd\xef\xbf\xbd\xef\xbf\xbd\xef\xbf\xbd \xef\xbf\xbd\xef\xbf\xbd\xef\xbf\xbd\xef\xbf\xbd\xef\xbf\xbd\xef\xbf\xbd\xef\xbf\xbd \xef\xbf\xbd\xef\xbf\xbd\xef\xbf\xbd\xef\xbf\xbd\xef\xbf\xbd\xef\xbf\xbd \xef\xbf\xbd\xef\xbf\xbd\xef\xbf\xbd\xef\xbf\xbd\xef\xbf\xbd\xef\xbf\xbd \xef\xbf\xbd\xef\xbf\xbd \xef\xbf\xbd\xef\xbf\xbd\xef\xbf\xbd\xef\xbf\xbd\xef\xbf\xbd\xef\xbf\xbd\xef\xbf\xbd\xef\xbf\xbd\xef\xbf\xbd.\r\n in C:\\t_site\\manage_users.php on line 10, referer: http://localhost/
[Sun May 27 22:04:33.014648 2018] [php7:warn] [pid 8632:tid 1076] [client ::1:58955] PHP Warning:  mysqli_connect(): (HY000/2002): \xef\xbf\xbd\xef\xbf\xbd\xef\xbf\xbd\xef\xbf\xbd\xef\xbf\xbd\xef\xbf\xbd\xef\xbf\xbd\xef\xbf\xbd\xef\xbf\xbd \xef\xbf\xbd\xef\xbf\xbd \xef\xbf\xbd\xef\xbf\xbd\xef\xbf\xbd\xef\xbf\xbd\xef\xbf\xbd\xef\xbf\xbd\xef\xbf\xbd\xef\xbf\xbd\xef\xbf\xbd\xef\xbf\xbd\xef\xbf\xbd, \xef\xbf\xbd.\xef\xbf\xbd. \xef\xbf\xbd\xef\xbf\xbd\xef\xbf\xbd\xef\xbf\xbd\xef\xbf\xbd\xef\xbf\xbd \xef\xbf\xbd\xef\xbf\xbd\xef\xbf\xbd\xef\xbf\xbd\xef\xbf\xbd\xef\xbf\xbd\xef\xbf\xbd \xef\xbf\xbd\xef\xbf\xbd\xef\xbf\xbd\xef\xbf\xbd\xef\xbf\xbd\xef\xbf\xbd \xef\xbf\xbd\xef\xbf\xbd\xef\xbf\xbd\xef\xbf\xbd\xef\xbf\xbd\xef\xbf\xbd \xef\xbf\xbd\xef\xbf\xbd \xef\xbf\xbd\xef\xbf\xbd\xef\xbf\xbd\xef\xbf\xbd\xef\xbf\xbd\xef\xbf\xbd\xef\xbf\xbd\xef\xbf\xbd\xef\xbf\xbd.\r\n in C:\\t_site\\manage_users.php on line 10, referer: http://localhost/
[Sun May 27 22:04:59.999872 2018] [php7:warn] [pid 8632:tid 1076] [client ::1:58960] PHP Warning:  mysqli_connect(): The server requested authentication method unknown to the client [caching_sha2_password] in C:\\t_site\\manage_users.php on line 10, referer: http://localhost/
[Sun May 27 22:04:59.999872 2018] [php7:warn] [pid 8632:tid 1076] [client ::1:58960] PHP Warning:  mysqli_connect(): (HY000/2054): The server requested authentication method unknown to the client in C:\\t_site\\manage_users.php on line 10, referer: http://localhost/
[Sun May 27 22:06:43.954204 2018] [php7:warn] [pid 8632:tid 1076] [client ::1:58966] PHP Warning:  mysqli_connect(): The server requested authentication method unknown to the client [caching_sha2_password] in C:\\t_site\\manage_users.php on line 10, referer: http://localhost/
[Sun May 27 22:06:43.954204 2018] [php7:warn] [pid 8632:tid 1076] [client ::1:58966] PHP Warning:  mysqli_connect(): (HY000/2054): The server requested authentication method unknown to the client in C:\\t_site\\manage_users.php on line 10, referer: http://localhost/
[Sun May 27 22:06:46.706310 2018] [php7:warn] [pid 8632:tid 1076] [client ::1:58966] PHP Warning:  mysqli_connect(): The server requested authentication method unknown to the client [caching_sha2_password] in C:\\t_site\\manage_users.php on line 10, referer: http://localhost/
[Sun May 27 22:06:46.706310 2018] [php7:warn] [pid 8632:tid 1076] [client ::1:58966] PHP Warning:  mysqli_connect(): (HY000/2054): The server requested authentication method unknown to the client in C:\\t_site\\manage_users.php on line 10, referer: http://localhost/
[Sun May 27 22:06:51.287655 2018] [php7:warn] [pid 8632:tid 1076] [client ::1:58966] PHP Warning:  mysqli_connect(): The server requested authentication method unknown to the client [caching_sha2_password] in C:\\t_site\\manage_users.php on line 10, referer: http://localhost/
[Sun May 27 22:06:51.287655 2018] [php7:warn] [pid 8632:tid 1076] [client ::1:58966] PHP Warning:  mysqli_connect(): (HY000/2054): The server requested authentication method unknown to the client in C:\\t_site\\manage_users.php on line 10, referer: http://localhost/
[Sun May 27 22:07:53.949453 2018] [php7:error] [pid 8632:tid 1076] [client ::1:58972] PHP Fatal error:  Uncaught Error: Call to undefined function mysql_connect() in C:\\t_site\\manage_users.php:10\nStack trace:\n#0 {main}\n  thrown in C:\\t_site\\manage_users.php on line 10, referer: http://localhost/
[Sun May 27 22:08:28.831884 2018] [php7:warn] [pid 8632:tid 1080] [client ::1:58977] PHP Warning:  mysqli_connect(): The server requested authentication method unknown to the client [caching_sha2_password] in C:\\t_site\\manage_users.php on line 10, referer: http://localhost/
[Sun May 27 22:08:28.831884 2018] [php7:warn] [pid 8632:tid 1080] [client ::1:58977] PHP Warning:  mysqli_connect(): (HY000/2054): The server requested authentication method unknown to the client in C:\\t_site\\manage_users.php on line 10, referer: http://localhost/
[Sun May 27 22:14:41.661358 2018] [mpm_winnt:notice] [pid 2444:tid 524] AH00424: Parent: Received restart signal -- Restarting the server.
PHP Warning:  Module 'mysqli' already loaded in Unknown on line 0
[Sun May 27 22:14:41.688459 2018] [mpm_winnt:notice] [pid 2444:tid 524] AH00455: Apache/2.4.33 (Win64) PHP/7.2.5 configured -- resuming normal operations
[Sun May 27 22:14:41.688459 2018] [mpm_winnt:notice] [pid 2444:tid 524] AH00456: Apache Lounge VC15 Server built: Mar 28 2018 12:38:12
[Sun May 27 22:14:41.688459 2018] [core:notice] [pid 2444:tid 524] AH00094: Command line: 'c:\\Apache24\\bin\\httpd.exe -d C:/Apache24'
[Sun May 27 22:14:41.689435 2018] [mpm_winnt:notice] [pid 2444:tid 524] AH00418: Parent: Created child process 5708
PHP Warning:  Module 'mysqli' already loaded in Unknown on line 0
[Sun May 27 22:14:42.662330 2018] [mpm_winnt:notice] [pid 5708:tid 548] AH00354: Child: Starting 64 worker threads.
[Sun May 27 22:14:43.662758 2018] [mpm_winnt:notice] [pid 8632:tid 552] AH00364: Child: All worker threads have exited.
[Sun May 27 22:14:52.367153 2018] [php7:warn] [pid 5708:tid 1084] [client ::1:58987] PHP Warning:  mysqli_connect(): The server requested authentication method unknown to the client [caching_sha2_password] in C:\\t_site\\manage_users.php on line 10, referer: http://localhost/
[Sun May 27 22:14:52.367153 2018] [php7:warn] [pid 5708:tid 1084] [client ::1:58987] PHP Warning:  mysqli_connect(): (HY000/2054): The server requested authentication method unknown to the client in C:\\t_site\\manage_users.php on line 10, referer: http://localhost/
[Sun May 27 23:20:26.949861 2018] [php7:warn] [pid 5708:tid 1080] [client ::1:59289] PHP Warning:  mysqli_connect(): The server requested authentication method unknown to the client [caching_sha2_password] in C:\\t_site\\manage_users.php on line 10, referer: http://localhost/
[Sun May 27 23:20:26.949861 2018] [php7:warn] [pid 5708:tid 1080] [client ::1:59289] PHP Warning:  mysqli_connect(): (HY000/2054): The server requested authentication method unknown to the client in C:\\t_site\\manage_users.php on line 10, referer: http://localhost/
[Sun May 27 23:43:08.721405 2018] [php7:error] [pid 5708:tid 1080] [client ::1:59332] PHP Recoverable fatal error:  Object of class mysqli could not be converted to string in C:\\t_site\\manage_users.php on line 11, referer: http://localhost/
[Sun May 27 23:44:37.834116 2018] [php7:notice] [pid 5708:tid 1080] [client ::1:59345] PHP Notice:  Undefined variable: databaseS in C:\\t_site\\manage_users.php on line 10, referer: http://localhost/
[Sun May 27 23:45:30.048608 2018] [php7:error] [pid 5708:tid 1080] [client ::1:59351] PHP Recoverable fatal error:  Object of class mysqli could not be converted to string in C:\\t_site\\manage_users.php on line 11, referer: http://localhost/
[Mon May 28 20:20:14.941139 2018] [php7:error] [pid 5708:tid 1080] [client ::1:61963] script 'C:/t_site/manage_users.php' not found or unable to stat, referer: http://localhost/
[Mon May 28 20:36:47.627867 2018] [php7:crit] [pid 5708:tid 1084] [client ::1:62013] PHP Parse error:  syntax error, unexpected ''Edit.php'' (T_CONSTANT_ENCAPSED_STRING), expecting ',' or ';' in C:\\t_site\\manage_users.php on line 33, referer: http://localhost/
[Mon May 28 20:37:59.789560 2018] [php7:crit] [pid 5708:tid 1080] [client ::1:62018] PHP Parse error:  syntax error, unexpected ''Edit.php'' (T_CONSTANT_ENCAPSED_STRING), expecting ',' or ';' in C:\\t_site\\manage_users.php on line 33, referer: http://localhost/
[Mon May 28 20:38:01.542348 2018] [php7:crit] [pid 5708:tid 1080] [client ::1:62018] PHP Parse error:  syntax error, unexpected ''Edit.php'' (T_CONSTANT_ENCAPSED_STRING), expecting ',' or ';' in C:\\t_site\\manage_users.php on line 33, referer: http://localhost/
[Mon May 28 20:43:03.658905 2018] [php7:crit] [pid 5708:tid 1080] [client ::1:62045] PHP Parse error:  syntax error, unexpected '<' in C:\\t_site\\manage_users.php on line 33, referer: http://localhost/
[Mon May 28 20:47:32.521654 2018] [php7:error] [pid 5708:tid 1080] [client ::1:62064] script 'C:/t_site/Delete.phpS' not found or unable to stat, referer: http://localhost/manage_users.php
[Mon May 28 20:47:42.817563 2018] [php7:error] [pid 5708:tid 1080] [client ::1:62065] script 'C:/t_site/Delete.phpS' not found or unable to stat, referer: http://localhost/manage_users.php
[Tue May 29 22:09:13.528199 2018] [php7:warn] [pid 5708:tid 1080] [client ::1:64953] PHP Warning:  Use of undefined constant j - assumed 'j' (this will throw an Error in a future version of PHP) in C:\\t_site\\manage_users.php on line 36, referer: http://localhost/
[Tue May 29 22:09:13.528699 2018] [php7:notice] [pid 5708:tid 1080] [client ::1:64953] PHP Notice:  Undefined index: j in C:\\t_site\\manage_users.php on line 36, referer: http://localhost/
[Tue May 29 22:09:13.528699 2018] [php7:warn] [pid 5708:tid 1080] [client ::1:64953] PHP Warning:  Use of undefined constant j - assumed 'j' (this will throw an Error in a future version of PHP) in C:\\t_site\\manage_users.php on line 36, referer: http://localhost/
[Tue May 29 22:09:13.528699 2018] [php7:notice] [pid 5708:tid 1080] [client ::1:64953] PHP Notice:  Undefined index: j in C:\\t_site\\manage_users.php on line 36, referer: http://localhost/
[Tue May 29 22:09:13.528699 2018] [php7:warn] [pid 5708:tid 1080] [client ::1:64953] PHP Warning:  Use of undefined constant j - assumed 'j' (this will throw an Error in a future version of PHP) in C:\\t_site\\manage_users.php on line 36, referer: http://localhost/
[Tue May 29 22:09:13.528699 2018] [php7:notice] [pid 5708:tid 1080] [client ::1:64953] PHP Notice:  Undefined index: j in C:\\t_site\\manage_users.php on line 36, referer: http://localhost/
[Tue May 29 22:09:13.528699 2018] [php7:warn] [pid 5708:tid 1080] [client ::1:64953] PHP Warning:  Use of undefined constant j - assumed 'j' (this will throw an Error in a future version of PHP) in C:\\t_site\\manage_users.php on line 36, referer: http://localhost/
[Tue May 29 22:09:13.528699 2018] [php7:notice] [pid 5708:tid 1080] [client ::1:64953] PHP Notice:  Undefined index: j in C:\\t_site\\manage_users.php on line 36, referer: http://localhost/
[Tue May 29 22:15:53.638325 2018] [php7:crit] [pid 5708:tid 1080] [client ::1:64974] PHP Parse error:  syntax error, unexpected '$id' (T_VARIABLE), expecting ',' or ';' in C:\\t_site\\Edit.php on line 4, referer: http://localhost/manage_users.php
[Tue May 29 22:17:01.268645 2018] [php7:crit] [pid 5708:tid 1080] [client ::1:64978] PHP Parse error:  syntax error, unexpected '$id' (T_VARIABLE), expecting ',' or ';' in C:\\t_site\\Edit.php on line 4, referer: http://localhost/manage_users.php
[Tue May 29 22:18:10.804938 2018] [php7:crit] [pid 5708:tid 1080] [client ::1:64985] PHP Parse error:  syntax error, unexpected '$var' (T_VARIABLE), expecting ',' or ';' in C:\\t_site\\Edit.php on line 4, referer: http://localhost/manage_users.php
[Tue May 29 22:18:55.708491 2018] [php7:crit] [pid 5708:tid 1080] [client ::1:64987] PHP Parse error:  syntax error, unexpected 'if' (T_IF), expecting ',' or ';' in C:\\t_site\\Edit.php on line 5, referer: http://localhost/manage_users.php
[Tue May 29 22:45:41.833271 2018] [php7:crit] [pid 5708:tid 1080] [client ::1:65096] PHP Parse error:  syntax error, unexpected '<', expecting end of file in C:\\t_site\\Edit.php on line 2, referer: http://localhost/manage_users.php
[Tue May 29 22:47:12.360762 2018] [php7:error] [pid 5708:tid 1080] [client ::1:65101] script 'C:/t_site/manage_user.php' not found or unable to stat, referer: http://localhost/Edit.php?var=3
[Tue May 29 23:01:20.158877 2018] [php7:crit] [pid 5708:tid 1080] [client ::1:65202] PHP Parse error:  syntax error, unexpected 'is_integer' (T_STRING), expecting '(' in C:\\t_site\\Edit.php on line 10, referer: http://localhost/manage_users.php
[Tue May 29 23:02:42.502566 2018] [php7:crit] [pid 5708:tid 1080] [client ::1:65207] PHP Parse error:  syntax error, unexpected '}', expecting ',' or ';' in C:\\t_site\\Edit.php on line 11, referer: http://localhost/manage_users.php
[Thu May 31 02:03:12.927801 2018] [mpm_winnt:notice] [pid 2444:tid 524] AH00422: Parent: Received shutdown signal -- Shutting down the server.
[Thu May 31 02:03:14.943935 2018] [mpm_winnt:notice] [pid 5708:tid 548] AH00364: Child: All worker threads have exited.
[Thu May 31 02:03:15.006169 2018] [mpm_winnt:notice] [pid 2444:tid 524] AH00430: Parent: Child process 5708 exited successfully.
PHP Warning:  Module 'mysqli' already loaded in Unknown on line 0
[Thu May 31 05:44:19.629614 2018] [mpm_winnt:notice] [pid 2256:tid 124] AH00455: Apache/2.4.33 (Win64) PHP/7.2.5 configured -- resuming normal operations
[Thu May 31 05:44:19.629614 2018] [mpm_winnt:notice] [pid 2256:tid 124] AH00456: Apache Lounge VC15 Server built: Mar 28 2018 12:38:12
[Thu May 31 05:44:19.629614 2018] [core:notice] [pid 2256:tid 124] AH00094: Command line: 'c:\\Apache24\\bin\\httpd.exe -d C:/Apache24'
[Thu May 31 05:44:19.629614 2018] [mpm_winnt:notice] [pid 2256:tid 124] AH00418: Parent: Created child process 3128
PHP Warning:  Module 'mysqli' already loaded in Unknown on line 0
[Thu May 31 05:44:19.848388 2018] [mpm_winnt:notice] [pid 3128:tid 532] AH00354: Child: Starting 64 worker threads.
[Fri Jun 01 00:08:52.865586 2018] [core:error] [pid 3128:tid 1048] (20024)The given path is misformatted or contained invalid characters: [client ::1:50234] AH00127: Cannot map GET /%3Cscript%3Ealert('%D0%92%D1%8B%20%D0%B2%D0%B2%D0%B5%D0%BB%D0%B8%20%D0%BD%D0%B5%D0%B2%D0%B5%D1%80%D0%BD%D1%8B%D0%B9%20%D0%BB%D0%BE%D0%B3%D0%B8%D0%BD%20%D0%B8%D0%BB%D0%B8%20%D0%BF%D0%B0%D1%80%D0%BE%D0%BB%D1%8C.');%3C/script%3E HTTP/1.1 to file, referer: http://localhost/index.html
[Sun Jun 03 19:58:00.335274 2018] [php7:warn] [pid 3128:tid 1016] [client ::1:56388] PHP Warning:  POST Content-Length of 9071869 bytes exceeds the limit of 8388608 bytes in Unknown on line 0, referer: http://localhost/upload.php
[Sun Jun 03 19:59:17.099487 2018] [php7:warn] [pid 3128:tid 1016] [client ::1:56390] PHP Warning:  POST Content-Length of 9071869 bytes exceeds the limit of 8388608 bytes in Unknown on line 0, referer: http://localhost/upload.php
[Tue Jun 05 14:24:50.813626 2018] [php7:crit] [pid 3128:tid 1016] [client ::1:64098] PHP Parse error:  syntax error, unexpected 'echo' (T_ECHO), expecting ',' or ';' in C:\\t_site\\manage_users.php on line 45, referer: http://localhost/index.html
[Tue Jun 05 15:39:20.495240 2018] [php7:crit] [pid 3128:tid 1016] [client ::1:64493] PHP Parse error:  syntax error, unexpected ')', expecting ']' in C:\\t_site\\manage_users.php on line 43, referer: http://localhost/index.html
[Tue Jun 05 20:52:03.422008 2018] [php7:crit] [pid 3128:tid 1016] [client ::1:50854] PHP Parse error:  syntax error, unexpected '0' (T_LNUMBER), expecting ',' or ';' in C:\\t_site\\manage_users.php on line 44, referer: http://localhost/index.html
[Tue Jun 05 23:31:20.342306 2018] [php7:crit] [pid 3128:tid 1016] [client ::1:51190] PHP Parse error:  syntax error, unexpected '<' in C:\\t_site\\manage_users.php on line 49, referer: http://localhost/index.html
[Tue Jun 05 23:35:57.135661 2018] [php7:crit] [pid 3128:tid 1016] [client ::1:51205] PHP Parse error:  syntax error, unexpected 'edit' (T_STRING), expecting ',' or ';' in C:\\t_site\\manage_users.php on line 71, referer: http://localhost/index.html
[Wed Jun 06 09:56:36.696504 2018] [php7:notice] [pid 3128:tid 1016] [client ::1:59426] PHP Notice:  Undefined index: w in C:\\t_site\\delete1.php on line 4, referer: http://localhost/Delete.php?var=2&strVar=%D0%98%D0%B2%D0%B0%D0%BD%20%D0%9A%D1%80%D1%83%D0%BF%D0%BE%D0%B2
[Wed Jun 06 09:57:49.382952 2018] [php7:error] [pid 3128:tid 1016] [client ::1:59429] script 'C:/t_site/mange_users.php' not found or unable to stat, referer: http://localhost/Delete.php?var=3&strVar=%D0%92%D0%B0%D1%81%D0%B8%D0%BB%D0%B8%D0%B9%20%D0%9F%D1%83%D0%BF%D0%BE%D0%B2
[Wed Jun 06 10:04:01.132649 2018] [php7:notice] [pid 3128:tid 1016] [client ::1:59454] PHP Notice:  Undefined variable: var in C:\\t_site\\delete1.php on line 10, referer: http://localhost/Delete.php?var=2&strVar=%D0%98%D0%B2%D0%B0%D0%BD%20%D0%9A%D1%80%D1%83%D0%BF%D0%BE%D0%B2
[Wed Jun 06 10:05:06.426856 2018] [php7:notice] [pid 3128:tid 1016] [client ::1:59462] PHP Notice:  Undefined variable: var in C:\\t_site\\delete1.php on line 10, referer: http://localhost/Delete.php?var=2&strVar=%D0%98%D0%B2%D0%B0%D0%BD%20%D0%9A%D1%80%D1%83%D0%BF%D0%BE%D0%B2
[Wed Jun 06 10:10:12.122634 2018] [php7:notice] [pid 3128:tid 1016] [client ::1:59479] PHP Notice:  Undefined variable: var in C:\\t_site\\delete1.php on line 10, referer: http://localhost/Delete.php?var=3&strVar=%D0%92%D0%B0%D1%81%D0%B8%D0%BB%D0%B8%D0%B9%20%D0%9F%D1%83%D0%BF%D0%BE%D0%B2
[Wed Jun 06 10:16:59.770723 2018] [php7:notice] [pid 3128:tid 1016] [client ::1:59494] PHP Notice:  Undefined variable: var in C:\\t_site\\delete1.php on line 10, referer: http://localhost/Delete.php?var=2&strVar=%D0%98%D0%B2%D0%B0%D0%BD%20%D0%9A%D1%80%D1%83%D0%BF%D0%BE%D0%B2
[Wed Jun 06 10:17:33.250942 2018] [php7:notice] [pid 3128:tid 1016] [client ::1:59498] PHP Notice:  Undefined variable: var in C:\\t_site\\delete1.php on line 10, referer: http://localhost/Delete.php?var=2&strVar=%D0%98%D0%B2%D0%B0%D0%BD%20%D0%9A%D1%80%D1%83%D0%BF%D0%BE%D0%B2
[Wed Jun 06 10:20:05.232364 2018] [php7:warn] [pid 3128:tid 1016] [client ::1:59508] PHP Warning:  A non-numeric value encountered in C:\\t_site\\Delete.php on line 25, referer: http://localhost/manage_users.php
[Wed Jun 06 10:20:50.602917 2018] [php7:warn] [pid 3128:tid 1016] [client ::1:59512] PHP Warning:  A non-numeric value encountered in C:\\t_site\\Delete.php on line 25, referer: http://localhost/manage_users.php
[Wed Jun 06 10:22:15.225922 2018] [php7:notice] [pid 3128:tid 1016] [client ::1:59514] PHP Notice:  Undefined variable: var in C:\\t_site\\delete1.php on line 10, referer: http://localhost/Delete.php?var=3&strVar=%D0%92%D0%B0%D1%81%D0%B8%D0%BB%D0%B8%D0%B9%20%D0%9F%D1%83%D0%BF%D0%BE%D0%B2
[Wed Jun 06 10:29:43.728857 2018] [php7:notice] [pid 3128:tid 1016] [client ::1:59556] PHP Notice:  Undefined variable: var in C:\\t_site\\delete1.php on line 10, referer: http://localhost/Delete.php?var=2&strVar=%D0%98%D0%B2%D0%B0%D0%BD%20%D0%9A%D1%80%D1%83%D0%BF%D0%BE%D0%B2
[Wed Jun 06 17:32:26.226481 2018] [php7:crit] [pid 3128:tid 1016] [client ::1:62982] PHP Parse error:  syntax error, unexpected '<' in C:\\t_site\\manage_users.php on line 29, referer: http://localhost/index.html
[Wed Jun 06 20:59:50.435837 2018] [php7:notice] [pid 3128:tid 1016] [client ::1:63776] PHP Notice:  Undefined variable: row in C:\\t_site\\Edit.php on line 66, referer: http://localhost/manage_users.php
[Wed Jun 06 21:01:56.772196 2018] [php7:notice] [pid 3128:tid 1016] [client ::1:63785] PHP Notice:  Undefined variable: row in C:\\t_site\\Edit.php on line 67, referer: http://localhost/manage_users.php
[Wed Jun 06 21:01:56.786235 2018] [core:error] [pid 3128:tid 1016] (20024)The given path is misformatted or contained invalid characters: [client ::1:63785] AH00127: Cannot map GET /%3Cbr HTTP/1.1 to file, referer: http://localhost/Edit.php?var=0
[Wed Jun 06 21:03:03.402600 2018] [php7:notice] [pid 3128:tid 1016] [client ::1:63787] PHP Notice:  Undefined variable: row in C:\\t_site\\Edit.php on line 67, referer: http://localhost/manage_users.php
[Wed Jun 06 21:03:03.413631 2018] [core:error] [pid 3128:tid 1016] (20024)The given path is misformatted or contained invalid characters: [client ::1:63787] AH00127: Cannot map GET /%3Cbr HTTP/1.1 to file, referer: http://localhost/Edit.php?var=0
[Wed Jun 06 21:03:05.156802 2018] [php7:notice] [pid 3128:tid 1016] [client ::1:63787] PHP Notice:  Undefined variable: row in C:\\t_site\\Edit.php on line 67, referer: http://localhost/manage_users.php
[Wed Jun 06 21:03:05.163820 2018] [core:error] [pid 3128:tid 1016] (20024)The given path is misformatted or contained invalid characters: [client ::1:63787] AH00127: Cannot map GET /%3Cbr HTTP/1.1 to file, referer: http://localhost/Edit.php?var=0
[Wed Jun 06 21:03:08.074314 2018] [php7:notice] [pid 3128:tid 1016] [client ::1:63787] PHP Notice:  Undefined variable: row in C:\\t_site\\Edit.php on line 67, referer: http://localhost/manage_users.php
[Wed Jun 06 21:03:08.080801 2018] [core:error] [pid 3128:tid 1016] (20024)The given path is misformatted or contained invalid characters: [client ::1:63787] AH00127: Cannot map GET /%3Cbr HTTP/1.1 to file, referer: http://localhost/Edit.php?var=0
[Wed Jun 06 21:03:10.841890 2018] [php7:notice] [pid 3128:tid 1016] [client ::1:63787] PHP Notice:  Undefined variable: row in C:\\t_site\\Edit.php on line 67, referer: http://localhost/manage_users.php
[Wed Jun 06 21:03:10.848408 2018] [core:error] [pid 3128:tid 1016] (20024)The given path is misformatted or contained invalid characters: [client ::1:63787] AH00127: Cannot map GET /%3Cbr HTTP/1.1 to file, referer: http://localhost/Edit.php?var=0
[Wed Jun 06 21:03:16.042515 2018] [php7:notice] [pid 3128:tid 1016] [client ::1:63789] PHP Notice:  Undefined variable: row in C:\\t_site\\Edit.php on line 67, referer: http://localhost/manage_users.php
[Wed Jun 06 21:03:16.052541 2018] [core:error] [pid 3128:tid 1016] (20024)The given path is misformatted or contained invalid characters: [client ::1:63789] AH00127: Cannot map GET /%3Cbr HTTP/1.1 to file, referer: http://localhost/Edit.php?var=0
[Wed Jun 06 21:08:53.853730 2018] [php7:notice] [pid 3128:tid 1016] [client ::1:63813] PHP Notice:  Undefined variable: sImage in C:\\t_site\\Edit.php on line 72, referer: http://localhost/manage_users.php
[Wed Jun 06 21:08:53.861751 2018] [core:error] [pid 3128:tid 1016] (20024)The given path is misformatted or contained invalid characters: [client ::1:63813] AH00127: Cannot map GET /%3Cbr HTTP/1.1 to file, referer: http://localhost/Edit.php?var=0
[Wed Jun 06 21:12:11.237496 2018] [php7:notice] [pid 3128:tid 1016] [client ::1:63827] PHP Notice:  Undefined variable: sImage in C:\\t_site\\Edit.php on line 72, referer: http://localhost/manage_users.php
[Wed Jun 06 21:12:45.253235 2018] [php7:notice] [pid 3128:tid 1016] [client ::1:63829] PHP Notice:  Undefined variable: sImage in C:\\t_site\\Edit.php on line 72, referer: http://localhost/manage_users.php
[Wed Jun 06 21:12:45.258662 2018] [php7:notice] [pid 3128:tid 1016] [client ::1:63829] PHP Notice:  Undefined variable: sImage in C:\\t_site\\Edit.php on line 73, referer: http://localhost/manage_users.php
[Wed Jun 06 21:15:48.770338 2018] [php7:notice] [pid 3128:tid 1016] [client ::1:63835] PHP Notice:  Undefined variable: sImage in C:\\t_site\\Edit.php on line 73, referer: http://localhost/manage_users.php
[Wed Jun 06 21:15:48.770338 2018] [php7:notice] [pid 3128:tid 1016] [client ::1:63835] PHP Notice:  Undefined variable: sImage in C:\\t_site\\Edit.php on line 74, referer: http://localhost/manage_users.php
[Wed Jun 06 21:15:50.140794 2018] [php7:notice] [pid 3128:tid 1016] [client ::1:63835] PHP Notice:  Undefined variable: sImage in C:\\t_site\\Edit.php on line 73, referer: http://localhost/manage_users.php
[Wed Jun 06 21:15:50.140794 2018] [php7:notice] [pid 3128:tid 1016] [client ::1:63835] PHP Notice:  Undefined variable: sImage in C:\\t_site\\Edit.php on line 74, referer: http://localhost/manage_users.php
[Wed Jun 06 21:16:57.114792 2018] [php7:notice] [pid 3128:tid 1016] [client ::1:63836] PHP Notice:  Undefined variable: sImage in C:\\t_site\\Edit.php on line 73, referer: http://localhost/manage_users.php
[Wed Jun 06 21:16:57.114792 2018] [php7:notice] [pid 3128:tid 1016] [client ::1:63836] PHP Notice:  Undefined variable: sImage in C:\\t_site\\Edit.php on line 74, referer: http://localhost/manage_users.php
[Wed Jun 06 21:16:58.917578 2018] [php7:notice] [pid 3128:tid 1016] [client ::1:63836] PHP Notice:  Undefined variable: sImage in C:\\t_site\\Edit.php on line 73, referer: http://localhost/manage_users.php
[Wed Jun 06 21:16:58.917578 2018] [php7:notice] [pid 3128:tid 1016] [client ::1:63836] PHP Notice:  Undefined variable: sImage in C:\\t_site\\Edit.php on line 74, referer: http://localhost/manage_users.php
[Wed Jun 06 21:17:00.774086 2018] [php7:notice] [pid 3128:tid 1016] [client ::1:63836] PHP Notice:  Undefined variable: sImage in C:\\t_site\\Edit.php on line 73, referer: http://localhost/manage_users.php
[Wed Jun 06 21:17:00.774086 2018] [php7:notice] [pid 3128:tid 1016] [client ::1:63836] PHP Notice:  Undefined variable: sImage in C:\\t_site\\Edit.php on line 74, referer: http://localhost/manage_users.php
[Wed Jun 06 21:18:29.498518 2018] [php7:notice] [pid 3128:tid 1016] [client ::1:63841] PHP Notice:  Undefined variable: sImage in C:\\t_site\\Edit.php on line 74, referer: http://localhost/manage_users.php
[Wed Jun 06 21:18:29.498518 2018] [php7:notice] [pid 3128:tid 1016] [client ::1:63841] PHP Notice:  Undefined variable: sImage in C:\\t_site\\Edit.php on line 75, referer: http://localhost/manage_users.php
[Wed Jun 06 21:18:31.509340 2018] [php7:notice] [pid 3128:tid 1016] [client ::1:63841] PHP Notice:  Undefined variable: sImage in C:\\t_site\\Edit.php on line 74, referer: http://localhost/manage_users.php
[Wed Jun 06 21:18:31.509340 2018] [php7:notice] [pid 3128:tid 1016] [client ::1:63841] PHP Notice:  Undefined variable: sImage in C:\\t_site\\Edit.php on line 75, referer: http://localhost/manage_users.php
[Wed Jun 06 22:26:27.825626 2018] [php7:notice] [pid 3128:tid 1016] [client ::1:64128] PHP Notice:  Undefined variable: strUserName in C:\\t_site\\Edit.php on line 70, referer: http://localhost/manage_users.php
[Wed Jun 06 22:26:27.826113 2018] [php7:notice] [pid 3128:tid 1016] [client ::1:64128] PHP Notice:  Undefined variable: sImage in C:\\t_site\\Edit.php on line 76, referer: http://localhost/manage_users.php
[Wed Jun 06 22:26:27.826113 2018] [php7:notice] [pid 3128:tid 1016] [client ::1:64128] PHP Notice:  Undefined variable: sAdress in C:\\t_site\\Edit.php on line 84, referer: http://localhost/manage_users.php
[Wed Jun 06 22:26:32.626704 2018] [php7:notice] [pid 3128:tid 1016] [client ::1:64128] PHP Notice:  Undefined variable: strUserName in C:\\t_site\\Edit.php on line 70, referer: http://localhost/Edit.php?var=0
[Wed Jun 06 22:26:32.626704 2018] [php7:notice] [pid 3128:tid 1016] [client ::1:64128] PHP Notice:  Undefined variable: sImage in C:\\t_site\\Edit.php on line 76, referer: http://localhost/Edit.php?var=0
[Wed Jun 06 22:26:32.626704 2018] [php7:notice] [pid 3128:tid 1016] [client ::1:64128] PHP Notice:  Undefined variable: sAdress in C:\\t_site\\Edit.php on line 84, referer: http://localhost/Edit.php?var=0
[Wed Jun 06 22:26:35.777425 2018] [php7:notice] [pid 3128:tid 1016] [client ::1:64128] PHP Notice:  Undefined variable: strUserName in C:\\t_site\\Edit.php on line 70, referer: http://localhost/manage_users.php
[Wed Jun 06 22:26:35.777425 2018] [php7:notice] [pid 3128:tid 1016] [client ::1:64128] PHP Notice:  Undefined variable: sImage in C:\\t_site\\Edit.php on line 76, referer: http://localhost/manage_users.php
[Wed Jun 06 22:26:35.777425 2018] [php7:notice] [pid 3128:tid 1016] [client ::1:64128] PHP Notice:  Undefined variable: sAdress in C:\\t_site\\Edit.php on line 84, referer: http://localhost/manage_users.php
[Wed Jun 06 22:26:51.737478 2018] [php7:notice] [pid 3128:tid 1016] [client ::1:64131] PHP Notice:  Undefined variable: strUserName in C:\\t_site\\Edit.php on line 70, referer: http://localhost/manage_users.php
[Wed Jun 06 22:26:51.737478 2018] [php7:notice] [pid 3128:tid 1016] [client ::1:64131] PHP Notice:  Undefined variable: sImage in C:\\t_site\\Edit.php on line 76, referer: http://localhost/manage_users.php
[Wed Jun 06 22:26:51.737979 2018] [php7:notice] [pid 3128:tid 1016] [client ::1:64131] PHP Notice:  Undefined variable: sAdress in C:\\t_site\\Edit.php on line 84, referer: http://localhost/manage_users.php
[Wed Jun 06 23:21:49.091776 2018] [php7:notice] [pid 3128:tid 1016] [client ::1:64326] PHP Notice:  Undefined variable: var in C:\\t_site\\save.php on line 15, referer: http://localhost/Edit.php?var=2
[Wed Jun 06 23:24:16.635189 2018] [php7:notice] [pid 3128:tid 1016] [client ::1:64336] PHP Notice:  Undefined variable: var in C:\\t_site\\save.php on line 15, referer: http://localhost/Edit.php?var=2
[Wed Jun 06 23:25:58.691837 2018] [php7:notice] [pid 3128:tid 1016] [client ::1:64349] PHP Notice:  Undefined variable: var in C:\\t_site\\save.php on line 15, referer: http://localhost/Edit.php?var=3
[Wed Jun 06 23:30:33.835250 2018] [php7:notice] [pid 3128:tid 1016] [client ::1:64361] PHP Notice:  Undefined variable: var in C:\\t_site\\save.php on line 15, referer: http://localhost/Edit.php?var=3
[Wed Jun 06 23:36:03.675313 2018] [php7:notice] [pid 3128:tid 1016] [client ::1:64379] PHP Notice:  Undefined variable: var in C:\\t_site\\save.php on line 15, referer: http://localhost/Edit.php?var=2
[Wed Jun 06 23:38:20.786125 2018] [php7:notice] [pid 3128:tid 1016] [client ::1:64384] PHP Notice:  Undefined variable: var in C:\\t_site\\save.php on line 15, referer: http://localhost/Edit.php?var=2
[Wed Jun 06 23:53:38.955754 2018] [php7:notice] [pid 3128:tid 1016] [client ::1:64406] PHP Notice:  Undefined variable: var in C:\\t_site\\save.php on line 15, referer: http://localhost/Edit.php?var=2
[Wed Jun 06 23:53:38.955754 2018] [php7:notice] [pid 3128:tid 1016] [client ::1:64406] PHP Notice:  Array to string conversion in C:\\t_site\\save.php on line 39, referer: http://localhost/Edit.php?var=2
[Wed Jun 06 23:54:17.027563 2018] [php7:error] [pid 3128:tid 1016] [client ::1:64408] PHP Fatal error:  Cannot use [] for reading in C:\\t_site\\save.php on line 39, referer: http://localhost/Edit.php?var=2
[Wed Jun 06 23:55:04.187338 2018] [php7:notice] [pid 3128:tid 1016] [client ::1:64416] PHP Notice:  Undefined variable: var in C:\\t_site\\save.php on line 15, referer: http://localhost/Edit.php?var=2
[Wed Jun 06 23:55:04.187338 2018] [php7:notice] [pid 3128:tid 1016] [client ::1:64416] PHP Notice:  Undefined offset: 1 in C:\\t_site\\save.php on line 39, referer: http://localhost/Edit.php?var=2
[Wed Jun 06 23:55:04.187338 2018] [php7:notice] [pid 3128:tid 1016] [client ::1:64416] PHP Notice:  Undefined offset: 2 in C:\\t_site\\save.php on line 40, referer: http://localhost/Edit.php?var=2
[Wed Jun 06 23:55:04.187338 2018] [php7:notice] [pid 3128:tid 1016] [client ::1:64416] PHP Notice:  Undefined offset: 3 in C:\\t_site\\save.php on line 41, referer: http://localhost/Edit.php?var=2
[Wed Jun 06 23:55:04.187338 2018] [php7:notice] [pid 3128:tid 1016] [client ::1:64416] PHP Notice:  Undefined offset: 4 in C:\\t_site\\save.php on line 42, referer: http://localhost/Edit.php?var=2
[Wed Jun 06 23:55:04.187338 2018] [php7:notice] [pid 3128:tid 1016] [client ::1:64416] PHP Notice:  Undefined offset: 5 in C:\\t_site\\save.php on line 43, referer: http://localhost/Edit.php?var=2
[Wed Jun 06 23:57:01.778592 2018] [php7:notice] [pid 3128:tid 1016] [client ::1:64422] PHP Notice:  Undefined variable: var in C:\\t_site\\save.php on line 15, referer: http://localhost/Edit.php?var=2
[Wed Jun 06 23:57:01.778592 2018] [php7:notice] [pid 3128:tid 1016] [client ::1:64422] PHP Notice:  Undefined index: edit_form in C:\\t_site\\save.php on line 42, referer: http://localhost/Edit.php?var=2
[Wed Jun 06 23:57:01.778592 2018] [php7:notice] [pid 3128:tid 1016] [client ::1:64422] PHP Notice:  Undefined offset: 5 in C:\\t_site\\save.php on line 43, referer: http://localhost/Edit.php?var=2
[Thu Jun 07 00:08:39.053876 2018] [php7:crit] [pid 3128:tid 1016] [client ::1:64600] PHP Parse error:  syntax error, unexpected 'hidden' (T_STRING), expecting ',' or ';' in C:\\t_site\\Edit.php on line 71, referer: http://localhost/manage_users.php
[Thu Jun 07 00:09:14.387166 2018] [php7:notice] [pid 3128:tid 1016] [client ::1:64601] PHP Notice:  Undefined variable: var in C:\\t_site\\save.php on line 15, referer: http://localhost/Edit.php?var=2
[Thu Jun 07 00:10:48.434511 2018] [php7:notice] [pid 3128:tid 1016] [client ::1:64609] PHP Notice:  Undefined variable: var in C:\\t_site\\save.php on line 15, referer: http://localhost/Edit.php?var=0
[Thu Jun 07 08:24:46.459002 2018] [php7:notice] [pid 3128:tid 1016] [client ::1:54249] PHP Notice:  Undefined variable: userId in C:\\t_site\\save.php on line 8, referer: http://localhost/Edit.php?var=5
[Thu Jun 07 08:35:52.930642 2018] [php7:notice] [pid 3128:tid 1016] [client ::1:54270] PHP Notice:  Undefined variable: userId in C:\\t_site\\save.php on line 8, referer: http://localhost/Edit.php?var=5
[Thu Jun 07 08:36:03.610816 2018] [php7:notice] [pid 3128:tid 1016] [client ::1:54272] PHP Notice:  Undefined variable: userId in C:\\t_site\\save.php on line 8, referer: http://localhost/Edit.php?var=5
[Thu Jun 07 08:36:49.858975 2018] [php7:notice] [pid 3128:tid 1016] [client ::1:54274] PHP Notice:  Undefined variable: userId in C:\\t_site\\save.php on line 8, referer: http://localhost/Edit.php?var=5
[Thu Jun 07 08:40:34.635359 2018] [php7:notice] [pid 3128:tid 1016] [client ::1:54298] PHP Notice:  Undefined variable: userId in C:\\t_site\\save.php on line 8, referer: http://localhost/Edit.php?var=5
[Thu Jun 07 11:10:05.978728 2018] [php7:crit] [pid 3128:tid 1032] [client ::1:53547] PHP Parse error:  syntax error, unexpected end of file in C:\\t_site\\index.php on line 34, referer: http://localhost/manage_users.php
[Thu Jun 07 11:10:40.009474 2018] [php7:warn] [pid 3128:tid 1032] [client ::1:53549] PHP Warning:  require(phpsqlajax_dbinfo.php): failed to open stream: No such file or directory in C:\\t_site\\index.php on line 12, referer: http://localhost/manage_users.php
[Thu Jun 07 11:10:40.009882 2018] [php7:error] [pid 3128:tid 1032] [client ::1:53549] PHP Fatal error:  require(): Failed opening required 'phpsqlajax_dbinfo.php' (include_path='.;C:\\php\\pear') in C:\\t_site\\index.php on line 12, referer: http://localhost/manage_users.php
[Thu Jun 07 11:12:53.914063 2018] [php7:error] [pid 3128:tid 1032] [client ::1:53554] PHP Fatal error:  Uncaught Error: Call to undefined function domxml_new_doc() in C:\\t_site\\index.php:13\nStack trace:\n#0 {main}\n  thrown in C:\\t_site\\index.php on line 13, referer: http://localhost/manage_users.php
[Thu Jun 07 12:10:04.458825 2018] [php7:error] [pid 3128:tid 1032] [client ::1:50504] PHP Fatal error:  Maximum execution time of 30 seconds exceeded in C:\\t_site\\in_xml.php on line 5, referer: http://localhost/index.php
[Thu Jun 07 12:17:45.708474 2018] [php7:notice] [pid 3128:tid 1032] [client ::1:50521] PHP Notice:  Undefined index: name in C:\\t_site\\in_xml.php on line 29, referer: http://localhost/index.php
[Thu Jun 07 12:17:45.708474 2018] [php7:notice] [pid 3128:tid 1032] [client ::1:50521] PHP Notice:  Undefined index: address in C:\\t_site\\in_xml.php on line 30, referer: http://localhost/index.php
[Thu Jun 07 12:17:45.708474 2018] [php7:notice] [pid 3128:tid 1032] [client ::1:50521] PHP Notice:  Undefined index: name in C:\\t_site\\in_xml.php on line 29, referer: http://localhost/index.php
[Thu Jun 07 12:17:45.708474 2018] [php7:notice] [pid 3128:tid 1032] [client ::1:50521] PHP Notice:  Undefined index: address in C:\\t_site\\in_xml.php on line 30, referer: http://localhost/index.php
[Thu Jun 07 12:17:45.708474 2018] [php7:notice] [pid 3128:tid 1032] [client ::1:50521] PHP Notice:  Undefined index: name in C:\\t_site\\in_xml.php on line 29, referer: http://localhost/index.php
[Thu Jun 07 12:17:45.708474 2018] [php7:notice] [pid 3128:tid 1032] [client ::1:50521] PHP Notice:  Undefined index: address in C:\\t_site\\in_xml.php on line 30, referer: http://localhost/index.php
[Thu Jun 07 12:17:45.708474 2018] [php7:notice] [pid 3128:tid 1032] [client ::1:50521] PHP Notice:  Undefined index: name in C:\\t_site\\in_xml.php on line 29, referer: http://localhost/index.php
[Thu Jun 07 12:17:45.708474 2018] [php7:notice] [pid 3128:tid 1032] [client ::1:50521] PHP Notice:  Undefined index: address in C:\\t_site\\in_xml.php on line 30, referer: http://localhost/index.php
[Thu Jun 07 12:17:45.708474 2018] [php7:notice] [pid 3128:tid 1032] [client ::1:50521] PHP Notice:  Undefined index: name in C:\\t_site\\in_xml.php on line 29, referer: http://localhost/index.php
[Thu Jun 07 12:17:45.708474 2018] [php7:notice] [pid 3128:tid 1032] [client ::1:50521] PHP Notice:  Undefined index: address in C:\\t_site\\in_xml.php on line 30, referer: http://localhost/index.php
[Thu Jun 07 12:20:17.420756 2018] [php7:notice] [pid 3128:tid 1032] [client ::1:50523] PHP Notice:  Undefined index: name in C:\\t_site\\in_xml.php on line 29, referer: http://localhost/index.php
[Thu Jun 07 12:20:17.420756 2018] [php7:notice] [pid 3128:tid 1032] [client ::1:50523] PHP Notice:  Undefined index: adres in C:\\t_site\\in_xml.php on line 30, referer: http://localhost/index.php
[Thu Jun 07 12:20:17.420756 2018] [php7:notice] [pid 3128:tid 1032] [client ::1:50523] PHP Notice:  Undefined index: name in C:\\t_site\\in_xml.php on line 29, referer: http://localhost/index.php
[Thu Jun 07 12:20:17.420756 2018] [php7:notice] [pid 3128:tid 1032] [client ::1:50523] PHP Notice:  Undefined index: adres in C:\\t_site\\in_xml.php on line 30, referer: http://localhost/index.php
[Thu Jun 07 12:20:17.420756 2018] [php7:notice] [pid 3128:tid 1032] [client ::1:50523] PHP Notice:  Undefined index: name in C:\\t_site\\in_xml.php on line 29, referer: http://localhost/index.php
[Thu Jun 07 12:20:17.420756 2018] [php7:notice] [pid 3128:tid 1032] [client ::1:50523] PHP Notice:  Undefined index: adres in C:\\t_site\\in_xml.php on line 30, referer: http://localhost/index.php
[Thu Jun 07 12:20:17.421738 2018] [php7:notice] [pid 3128:tid 1032] [client ::1:50523] PHP Notice:  Undefined index: name in C:\\t_site\\in_xml.php on line 29, referer: http://localhost/index.php
[Thu Jun 07 12:20:17.421738 2018] [php7:notice] [pid 3128:tid 1032] [client ::1:50523] PHP Notice:  Undefined index: adres in C:\\t_site\\in_xml.php on line 30, referer: http://localhost/index.php
[Thu Jun 07 12:20:17.421738 2018] [php7:notice] [pid 3128:tid 1032] [client ::1:50523] PHP Notice:  Undefined index: name in C:\\t_site\\in_xml.php on line 29, referer: http://localhost/index.php
[Thu Jun 07 12:20:17.421738 2018] [php7:notice] [pid 3128:tid 1032] [client ::1:50523] PHP Notice:  Undefined index: adres in C:\\t_site\\in_xml.php on line 30, referer: http://localhost/index.php
[Thu Jun 07 12:20:56.333149 2018] [php7:notice] [pid 3128:tid 1032] [client ::1:50527] PHP Notice:  Undefined index: c_name in C:\\t_site\\in_xml.php on line 29, referer: http://localhost/index.php
[Thu Jun 07 12:20:56.334104 2018] [php7:notice] [pid 3128:tid 1032] [client ::1:50527] PHP Notice:  Undefined index: c_adres in C:\\t_site\\in_xml.php on line 30, referer: http://localhost/index.php
[Thu Jun 07 12:20:56.334104 2018] [php7:notice] [pid 3128:tid 1032] [client ::1:50527] PHP Notice:  Undefined index: c_name in C:\\t_site\\in_xml.php on line 29, referer: http://localhost/index.php
[Thu Jun 07 12:20:56.334104 2018] [php7:notice] [pid 3128:tid 1032] [client ::1:50527] PHP Notice:  Undefined index: c_adres in C:\\t_site\\in_xml.php on line 30, referer: http://localhost/index.php
[Thu Jun 07 12:20:56.334104 2018] [php7:notice] [pid 3128:tid 1032] [client ::1:50527] PHP Notice:  Undefined index: c_name in C:\\t_site\\in_xml.php on line 29, referer: http://localhost/index.php
[Thu Jun 07 12:20:56.334104 2018] [php7:notice] [pid 3128:tid 1032] [client ::1:50527] PHP Notice:  Undefined index: c_adres in C:\\t_site\\in_xml.php on line 30, referer: http://localhost/index.php
[Thu Jun 07 12:20:56.334104 2018] [php7:notice] [pid 3128:tid 1032] [client ::1:50527] PHP Notice:  Undefined index: c_name in C:\\t_site\\in_xml.php on line 29, referer: http://localhost/index.php
[Thu Jun 07 12:20:56.334104 2018] [php7:notice] [pid 3128:tid 1032] [client ::1:50527] PHP Notice:  Undefined index: c_adres in C:\\t_site\\in_xml.php on line 30, referer: http://localhost/index.php
[Thu Jun 07 12:20:56.334104 2018] [php7:notice] [pid 3128:tid 1032] [client ::1:50527] PHP Notice:  Undefined index: c_name in C:\\t_site\\in_xml.php on line 29, referer: http://localhost/index.php
[Thu Jun 07 12:20:56.334104 2018] [php7:notice] [pid 3128:tid 1032] [client ::1:50527] PHP Notice:  Undefined index: c_adres in C:\\t_site\\in_xml.php on line 30, referer: http://localhost/index.php
[Thu Jun 07 19:06:52.805793 2018] [php7:warn] [pid 3128:tid 1032] [client ::1:62163] PHP Warning:  file_get_contents(//maps.google.com/maps/geo?q=%D0%9C%D0%BE%D1%81%D0%BA%D0%B2%D0%B0%2C+%D0%BF%D1%80.+%D0%9B%D0%B5%D0%BD%D0%B8%D0%BD%D0%B0%2C+%D0%B4.+100&amp;sensor=false&amp;output=csv&amp;oe=utf8): failed to open stream: No error in C:\\t_site\\g_map.php on line 5, referer: http://localhost/
[Thu Jun 07 19:06:52.806294 2018] [php7:notice] [pid 3128:tid 1032] [client ::1:62163] PHP Notice:  Undefined offset: 2 in C:\\t_site\\g_map.php on line 9, referer: http://localhost/
[Thu Jun 07 19:06:52.806294 2018] [php7:notice] [pid 3128:tid 1032] [client ::1:62163] PHP Notice:  Undefined offset: 3 in C:\\t_site\\g_map.php on line 10, referer: http://localhost/
[Thu Jun 07 22:06:00.136116 2018] [php7:crit] [pid 3128:tid 1032] [client ::1:52932] PHP Parse error:  syntax error, unexpected ':' in C:\\t_site\\g_map.php on line 36, referer: http://localhost/
[Thu Jun 07 22:09:38.258542 2018] [php7:warn] [pid 3128:tid 1032] [client ::1:52951] PHP Warning:  file_get_contents(): Unable to find the wrapper &quot;https&quot; - did you forget to enable it when you configured PHP? in C:\\t_site\\g_map.php on line 37, referer: http://localhost/
[Thu Jun 07 22:09:38.258542 2018] [php7:warn] [pid 3128:tid 1032] [client ::1:52951] PHP Warning:  file_get_contents(https://maps.googleapis.com/maps/api/geocode/json?address=1600+Amphitheatre+Parkway,+Mountain+View,+CA&amp;key=AIzaSyAlI7xpGZFeqkvBov_lUxSI7f6LdBV8toU): failed to open stream: No error in C:\\t_site\\g_map.php on line 37, referer: http://localhost/
[Thu Jun 07 22:25:00.321217 2018] [mpm_winnt:notice] [pid 2256:tid 124] AH00422: Parent: Received shutdown signal -- Shutting down the server.
[Thu Jun 07 22:25:02.325151 2018] [mpm_winnt:notice] [pid 3128:tid 532] AH00364: Child: All worker threads have exited.
[Thu Jun 07 22:25:02.420497 2018] [mpm_winnt:notice] [pid 2256:tid 124] AH00430: Parent: Child process 3128 exited successfully.
PHP Warning:  Module 'mysqli' already loaded in Unknown on line 0
[Thu Jun 07 22:25:03.399450 2018] [mpm_winnt:notice] [pid 16736:tid 604] AH00455: Apache/2.4.33 (Win64) PHP/7.2.5 configured -- resuming normal operations
[Thu Jun 07 22:25:03.399450 2018] [mpm_winnt:notice] [pid 16736:tid 604] AH00456: Apache Lounge VC15 Server built: Mar 28 2018 12:38:12
[Thu Jun 07 22:25:03.399450 2018] [core:notice] [pid 16736:tid 604] AH00094: Command line: 'c:\\Apache24\\bin\\httpd.exe -d C:/Apache24'
[Thu Jun 07 22:25:03.401028 2018] [mpm_winnt:notice] [pid 16736:tid 604] AH00418: Parent: Created child process 5880
PHP Warning:  Module 'mysqli' already loaded in Unknown on line 0
[Thu Jun 07 22:25:03.617606 2018] [mpm_winnt:notice] [pid 5880:tid 116] AH00354: Child: Starting 64 worker threads.
[Thu Jun 07 22:28:16.859498 2018] [php7:notice] [pid 5880:tid 1080] [client ::1:53075] PHP Notice:  Undefined variable: address in C:\\t_site\\g_map.php on line 37, referer: http://localhost/
[Thu Jun 07 22:28:16.859498 2018] [php7:warn] [pid 5880:tid 1080] [client ::1:53075] PHP Warning:  file_get_contents(): Filename cannot be empty in C:\\t_site\\g_map.php on line 37, referer: http://localhost/
[Thu Jun 07 22:39:43.879563 2018] [php7:notice] [pid 5880:tid 1080] [client ::1:53141] PHP Notice:  Undefined variable: urss in C:\\t_site\\g_map.php on line 37, referer: http://localhost/
[Thu Jun 07 22:39:43.879563 2018] [php7:warn] [pid 5880:tid 1080] [client ::1:53141] PHP Warning:  file_get_contents(): Filename cannot be empty in C:\\t_site\\g_map.php on line 37, referer: http://localhost/
[Thu Jun 07 22:54:44.154975 2018] [php7:notice] [pid 5880:tid 1080] [client ::1:53226] PHP Notice:  Trying to get property 'location' of non-object in C:\\t_site\\g_map.php on line 40, referer: http://localhost/
[Thu Jun 07 22:57:33.294701 2018] [php7:notice] [pid 5880:tid 1080] [client ::1:53231] PHP Notice:  Trying to get property 'geometry' of non-object in C:\\t_site\\g_map.php on line 40, referer: http://localhost/
[Thu Jun 07 23:03:04.370850 2018] [php7:notice] [pid 5880:tid 1080] [client ::1:53245] PHP Notice:  Trying to get property 'results' of non-object in C:\\t_site\\g_map.php on line 40, referer: http://localhost/
[Thu Jun 07 23:03:40.981450 2018] [php7:crit] [pid 5880:tid 1080] [client ::1:53248] PHP Parse error:  syntax error, unexpected '=>' (T_DOUBLE_ARROW), expecting ',' or ';' in C:\\t_site\\g_map.php on line 40, referer: http://localhost/
[Thu Jun 07 23:08:11.754521 2018] [php7:crit] [pid 5880:tid 1080] [client ::1:53319] PHP Parse error:  syntax error, unexpected '=>' (T_DOUBLE_ARROW), expecting ',' or ';' in C:\\t_site\\g_map.php on line 40, referer: http://localhost/
[Thu Jun 07 23:08:13.028982 2018] [php7:crit] [pid 5880:tid 1080] [client ::1:53319] PHP Parse error:  syntax error, unexpected '=>' (T_DOUBLE_ARROW), expecting ',' or ';' in C:\\t_site\\g_map.php on line 40, referer: http://localhost/
[Thu Jun 07 23:08:39.353876 2018] [php7:notice] [pid 5880:tid 1080] [client ::1:53321] PHP Notice:  Trying to get property 'results' of non-object in C:\\t_site\\g_map.php on line 40, referer: http://localhost/
[Thu Jun 07 23:14:54.355402 2018] [php7:warn] [pid 5880:tid 1080] [client ::1:53332] PHP Warning:  Use of undefined constant geometry - assumed 'geometry' (this will throw an Error in a future version of PHP) in C:\\t_site\\g_map.php on line 40, referer: http://localhost/
[Thu Jun 07 23:14:54.355402 2018] [php7:warn] [pid 5880:tid 1080] [client ::1:53332] PHP Warning:  Use of undefined constant location - assumed 'location' (this will throw an Error in a future version of PHP) in C:\\t_site\\g_map.php on line 40, referer: http://localhost/
[Thu Jun 07 23:14:54.355402 2018] [php7:warn] [pid 5880:tid 1080] [client ::1:53332] PHP Warning:  Use of undefined constant lat - assumed 'lat' (this will throw an Error in a future version of PHP) in C:\\t_site\\g_map.php on line 40, referer: http://localhost/
[Thu Jun 07 23:14:54.355402 2018] [php7:warn] [pid 5880:tid 1080] [client ::1:53332] PHP Warning:  Illegal string offset 'lat' in C:\\t_site\\g_map.php on line 40, referer: http://localhost/
[Thu Jun 07 23:14:54.355402 2018] [php7:warn] [pid 5880:tid 1080] [client ::1:53332] PHP Warning:  Illegal string offset 'l' in C:\\t_site\\g_map.php on line 40, referer: http://localhost/
[Thu Jun 07 23:14:54.355402 2018] [php7:notice] [pid 5880:tid 1080] [client ::1:53332] PHP Notice:  Trying to get property 'results' of non-object in C:\\t_site\\g_map.php on line 40, referer: http://localhost/
[Thu Jun 07 23:16:26.899144 2018] [php7:warn] [pid 5880:tid 1080] [client ::1:53337] PHP Warning:  Illegal string offset 'lat' in C:\\t_site\\g_map.php on line 40, referer: http://localhost/
[Thu Jun 07 23:16:26.899144 2018] [php7:warn] [pid 5880:tid 1080] [client ::1:53337] PHP Warning:  Illegal string offset 'l' in C:\\t_site\\g_map.php on line 40, referer: http://localhost/
[Thu Jun 07 23:16:26.899144 2018] [php7:notice] [pid 5880:tid 1080] [client ::1:53337] PHP Notice:  Trying to get property 'results' of non-object in C:\\t_site\\g_map.php on line 40, referer: http://localhost/
[Thu Jun 07 23:17:50.099387 2018] [php7:crit] [pid 5880:tid 1080] [client ::1:53342] PHP Parse error:  syntax error, unexpected '"results"' (T_CONSTANT_ENCAPSED_STRING), expecting identifier (T_STRING) or variable (T_VARIABLE) or '{' or '$' in C:\\t_site\\g_map.php on line 40, referer: http://localhost/
[Thu Jun 07 23:28:53.127875 2018] [php7:notice] [pid 5880:tid 1080] [client ::1:53372] PHP Notice:  Trying to get property 'results' of non-object in C:\\t_site\\g_map.php on line 42, referer: http://localhost/
[Thu Jun 07 23:28:53.128364 2018] [php7:notice] [pid 5880:tid 1080] [client ::1:53372] PHP Notice:  Trying to get property 'geometry' of non-object in C:\\t_site\\g_map.php on line 42, referer: http://localhost/
[Thu Jun 07 23:28:53.128364 2018] [php7:notice] [pid 5880:tid 1080] [client ::1:53372] PHP Notice:  Trying to get property 'location' of non-object in C:\\t_site\\g_map.php on line 42, referer: http://localhost/
[Thu Jun 07 23:28:53.128364 2018] [php7:notice] [pid 5880:tid 1080] [client ::1:53372] PHP Notice:  Trying to get property 'lat' of non-object in C:\\t_site\\g_map.php on line 42, referer: http://localhost/
[Thu Jun 07 23:29:53.333097 2018] [php7:crit] [pid 5880:tid 1080] [client ::1:53375] PHP Parse error:  syntax error, unexpected ''results'' (T_CONSTANT_ENCAPSED_STRING), expecting identifier (T_STRING) or variable (T_VARIABLE) or '{' or '$' in C:\\t_site\\g_map.php on line 42, referer: http://localhost/
[Thu Jun 07 23:46:33.027496 2018] [php7:crit] [pid 5880:tid 1080] [client ::1:53429] PHP Parse error:  syntax error, unexpected '"results"' (T_CONSTANT_ENCAPSED_STRING), expecting identifier (T_STRING) or variable (T_VARIABLE) or '{' or '$' in C:\\t_site\\g_map.php on line 43, referer: http://localhost/
[Thu Jun 07 23:56:26.264875 2018] [php7:notice] [pid 5880:tid 1080] [client ::1:53441] PHP Notice:  Trying to get property 'results' of non-object in C:\\t_site\\g_map.php on line 42, referer: http://localhost/
[Fri Jun 08 00:15:42.020364 2018] [php7:warn] [pid 5880:tid 1080] [client ::1:53561] PHP Warning:  include(example.php): failed to open stream: No such file or directory in C:\\t_site\\g_map.php on line 46, referer: http://localhost/
[Fri Jun 08 00:15:42.020364 2018] [php7:warn] [pid 5880:tid 1080] [client ::1:53561] PHP Warning:  include(): Failed opening 'example.php' for inclusion (include_path='.;C:\\php\\pear') in C:\\t_site\\g_map.php on line 46, referer: http://localhost/
[Fri Jun 08 00:15:42.020364 2018] [php7:notice] [pid 5880:tid 1080] [client ::1:53561] PHP Notice:  Undefined variable: xmlstr in C:\\t_site\\g_map.php on line 48, referer: http://localhost/
[Fri Jun 08 00:15:42.020364 2018] [php7:error] [pid 5880:tid 1080] [client ::1:53561] PHP Fatal error:  Uncaught Exception: String could not be parsed as XML in C:\\t_site\\g_map.php:48\nStack trace:\n#0 C:\\t_site\\g_map.php(48): SimpleXMLElement->__construct('')\n#1 {main}\n  thrown in C:\\t_site\\g_map.php on line 48, referer: http://localhost/
[Fri Jun 08 00:30:19.169163 2018] [php7:notice] [pid 5880:tid 1080] [client ::1:53631] PHP Notice:  Trying to get property 'lat' of non-object in C:\\t_site\\g_map.php on line 46, referer: http://localhost/
[Fri Jun 08 00:33:00.534617 2018] [php7:notice] [pid 5880:tid 1080] [client ::1:53639] PHP Notice:  Trying to get property 'lat' of non-object in C:\\t_site\\g_map.php on line 46, referer: http://localhost/
[Fri Jun 08 00:34:18.484865 2018] [php7:notice] [pid 5880:tid 1080] [client ::1:53643] PHP Notice:  Trying to get property 'lng' of non-object in C:\\t_site\\g_map.php on line 46, referer: http://localhost/
[Fri Jun 08 01:03:45.601355 2018] [php7:crit] [pid 5880:tid 1080] [client ::1:53701] PHP Parse error:  syntax error, unexpected '$xml' (T_VARIABLE) in C:\\t_site\\g_map.php on line 47, referer: http://localhost/index.php
[Fri Jun 08 01:06:52.785685 2018] [php7:crit] [pid 5880:tid 1080] [client ::1:53714] PHP Parse error:  syntax error, unexpected '$xml' (T_VARIABLE) in C:\\t_site\\g_map.php on line 47, referer: http://localhost/index.php
[Fri Jun 08 01:30:22.177856 2018] [php7:crit] [pid 5880:tid 1080] [client ::1:53821] PHP Parse error:  syntax error, unexpected '$xml' (T_VARIABLE) in C:\\t_site\\g_map.php on line 47, referer: http://localhost/index.php
[Fri Jun 08 01:37:15.361347 2018] [php7:crit] [pid 5880:tid 1080] [client ::1:53833] PHP Parse error:  syntax error, unexpected '$xml' (T_VARIABLE) in C:\\t_site\\g_map.php on line 47, referer: http://localhost/index.php
[Fri Jun 08 07:09:09.005778 2018] [php7:warn] [pid 5880:tid 1080] [client ::1:52671] PHP Warning:  Use of undefined constant row - assumed 'row' (this will throw an Error in a future version of PHP) in C:\\t_site\\g_map.php on line 40, referer: http://localhost/index.php
[Fri Jun 08 07:09:09.005778 2018] [php7:warn] [pid 5880:tid 1080] [client ::1:52671] PHP Warning:  Use of undefined constant row - assumed 'row' (this will throw an Error in a future version of PHP) in C:\\t_site\\g_map.php on line 40, referer: http://localhost/index.php
[Fri Jun 08 07:09:09.005778 2018] [php7:warn] [pid 5880:tid 1080] [client ::1:52671] PHP Warning:  Use of undefined constant row - assumed 'row' (this will throw an Error in a future version of PHP) in C:\\t_site\\g_map.php on line 40, referer: http://localhost/index.php
[Fri Jun 08 07:09:09.005778 2018] [php7:warn] [pid 5880:tid 1080] [client ::1:52671] PHP Warning:  Use of undefined constant row - assumed 'row' (this will throw an Error in a future version of PHP) in C:\\t_site\\g_map.php on line 40, referer: http://localhost/index.php
[Fri Jun 08 07:09:09.005778 2018] [php7:warn] [pid 5880:tid 1080] [client ::1:52671] PHP Warning:  Use of undefined constant row - assumed 'row' (this will throw an Error in a future version of PHP) in C:\\t_site\\g_map.php on line 40, referer: http://localhost/index.php
[Fri Jun 08 07:09:27.222887 2018] [php7:warn] [pid 5880:tid 1080] [client ::1:52674] PHP Warning:  Use of undefined constant row - assumed 'row' (this will throw an Error in a future version of PHP) in C:\\t_site\\g_map.php on line 40, referer: http://localhost/index.php
[Fri Jun 08 07:09:27.222887 2018] [php7:warn] [pid 5880:tid 1080] [client ::1:52674] PHP Warning:  Use of undefined constant row - assumed 'row' (this will throw an Error in a future version of PHP) in C:\\t_site\\g_map.php on line 40, referer: http://localhost/index.php
[Fri Jun 08 07:09:27.222887 2018] [php7:warn] [pid 5880:tid 1080] [client ::1:52674] PHP Warning:  Use of undefined constant row - assumed 'row' (this will throw an Error in a future version of PHP) in C:\\t_site\\g_map.php on line 40, referer: http://localhost/index.php
[Fri Jun 08 07:09:27.222887 2018] [php7:warn] [pid 5880:tid 1080] [client ::1:52674] PHP Warning:  Use of undefined constant row - assumed 'row' (this will throw an Error in a future version of PHP) in C:\\t_site\\g_map.php on line 40, referer: http://localhost/index.php
[Fri Jun 08 07:09:27.222887 2018] [php7:warn] [pid 5880:tid 1080] [client ::1:52674] PHP Warning:  Use of undefined constant row - assumed 'row' (this will throw an Error in a future version of PHP) in C:\\t_site\\g_map.php on line 40, referer: http://localhost/index.php
[Fri Jun 08 07:11:05.367118 2018] [php7:warn] [pid 5880:tid 1080] [client ::1:52678] PHP Warning:  Use of undefined constant row - assumed 'row' (this will throw an Error in a future version of PHP) in C:\\t_site\\g_map.php on line 40, referer: http://localhost/index.php
[Fri Jun 08 07:11:05.367118 2018] [php7:warn] [pid 5880:tid 1080] [client ::1:52678] PHP Warning:  Use of undefined constant row - assumed 'row' (this will throw an Error in a future version of PHP) in C:\\t_site\\g_map.php on line 40, referer: http://localhost/index.php
[Fri Jun 08 07:11:05.367118 2018] [php7:warn] [pid 5880:tid 1080] [client ::1:52678] PHP Warning:  Use of undefined constant row - assumed 'row' (this will throw an Error in a future version of PHP) in C:\\t_site\\g_map.php on line 40, referer: http://localhost/index.php
[Fri Jun 08 07:11:05.367118 2018] [php7:warn] [pid 5880:tid 1080] [client ::1:52678] PHP Warning:  Use of undefined constant row - assumed 'row' (this will throw an Error in a future version of PHP) in C:\\t_site\\g_map.php on line 40, referer: http://localhost/index.php
[Fri Jun 08 07:11:05.367118 2018] [php7:warn] [pid 5880:tid 1080] [client ::1:52678] PHP Warning:  Use of undefined constant row - assumed 'row' (this will throw an Error in a future version of PHP) in C:\\t_site\\g_map.php on line 40, referer: http://localhost/index.php
[Fri Jun 08 07:11:09.896845 2018] [php7:warn] [pid 5880:tid 1080] [client ::1:52678] PHP Warning:  Use of undefined constant row - assumed 'row' (this will throw an Error in a future version of PHP) in C:\\t_site\\g_map.php on line 40, referer: http://localhost/index.php
[Fri Jun 08 07:11:09.896845 2018] [php7:warn] [pid 5880:tid 1080] [client ::1:52678] PHP Warning:  Use of undefined constant row - assumed 'row' (this will throw an Error in a future version of PHP) in C:\\t_site\\g_map.php on line 40, referer: http://localhost/index.php
[Fri Jun 08 07:11:09.896845 2018] [php7:warn] [pid 5880:tid 1080] [client ::1:52678] PHP Warning:  Use of undefined constant row - assumed 'row' (this will throw an Error in a future version of PHP) in C:\\t_site\\g_map.php on line 40, referer: http://localhost/index.php
[Fri Jun 08 07:11:09.896845 2018] [php7:warn] [pid 5880:tid 1080] [client ::1:52678] PHP Warning:  Use of undefined constant row - assumed 'row' (this will throw an Error in a future version of PHP) in C:\\t_site\\g_map.php on line 40, referer: http://localhost/index.php
[Fri Jun 08 07:11:09.896845 2018] [php7:warn] [pid 5880:tid 1080] [client ::1:52678] PHP Warning:  Use of undefined constant row - assumed 'row' (this will throw an Error in a future version of PHP) in C:\\t_site\\g_map.php on line 40, referer: http://localhost/index.php
[Fri Jun 08 07:14:00.138392 2018] [php7:warn] [pid 5880:tid 1080] [client ::1:52687] PHP Warning:  Use of undefined constant row - assumed 'row' (this will throw an Error in a future version of PHP) in C:\\t_site\\g_map.php on line 47, referer: http://localhost/index.php
[Fri Jun 08 07:14:00.138392 2018] [php7:warn] [pid 5880:tid 1080] [client ::1:52687] PHP Warning:  Use of undefined constant row - assumed 'row' (this will throw an Error in a future version of PHP) in C:\\t_site\\g_map.php on line 47, referer: http://localhost/index.php
[Fri Jun 08 07:14:00.138392 2018] [php7:warn] [pid 5880:tid 1080] [client ::1:52687] PHP Warning:  Use of undefined constant row - assumed 'row' (this will throw an Error in a future version of PHP) in C:\\t_site\\g_map.php on line 47, referer: http://localhost/index.php
[Fri Jun 08 07:14:00.138392 2018] [php7:warn] [pid 5880:tid 1080] [client ::1:52687] PHP Warning:  Use of undefined constant row - assumed 'row' (this will throw an Error in a future version of PHP) in C:\\t_site\\g_map.php on line 47, referer: http://localhost/index.php
[Fri Jun 08 07:14:00.138392 2018] [php7:warn] [pid 5880:tid 1080] [client ::1:52687] PHP Warning:  Use of undefined constant row - assumed 'row' (this will throw an Error in a future version of PHP) in C:\\t_site\\g_map.php on line 47, referer: http://localhost/index.php
[Fri Jun 08 07:14:01.564829 2018] [php7:warn] [pid 5880:tid 1080] [client ::1:52687] PHP Warning:  Use of undefined constant row - assumed 'row' (this will throw an Error in a future version of PHP) in C:\\t_site\\g_map.php on line 47, referer: http://localhost/index.php
[Fri Jun 08 07:14:01.564829 2018] [php7:warn] [pid 5880:tid 1080] [client ::1:52687] PHP Warning:  Use of undefined constant row - assumed 'row' (this will throw an Error in a future version of PHP) in C:\\t_site\\g_map.php on line 47, referer: http://localhost/index.php
[Fri Jun 08 07:14:01.564829 2018] [php7:warn] [pid 5880:tid 1080] [client ::1:52687] PHP Warning:  Use of undefined constant row - assumed 'row' (this will throw an Error in a future version of PHP) in C:\\t_site\\g_map.php on line 47, referer: http://localhost/index.php
[Fri Jun 08 07:14:01.564829 2018] [php7:warn] [pid 5880:tid 1080] [client ::1:52687] PHP Warning:  Use of undefined constant row - assumed 'row' (this will throw an Error in a future version of PHP) in C:\\t_site\\g_map.php on line 47, referer: http://localhost/index.php
[Fri Jun 08 07:14:01.564829 2018] [php7:warn] [pid 5880:tid 1080] [client ::1:52687] PHP Warning:  Use of undefined constant row - assumed 'row' (this will throw an Error in a future version of PHP) in C:\\t_site\\g_map.php on line 47, referer: http://localhost/index.php
[Fri Jun 08 07:14:05.653312 2018] [php7:warn] [pid 5880:tid 1080] [client ::1:52687] PHP Warning:  Use of undefined constant row - assumed 'row' (this will throw an Error in a future version of PHP) in C:\\t_site\\g_map.php on line 47, referer: http://localhost/index.php
[Fri Jun 08 07:14:05.653312 2018] [php7:warn] [pid 5880:tid 1080] [client ::1:52687] PHP Warning:  Use of undefined constant row - assumed 'row' (this will throw an Error in a future version of PHP) in C:\\t_site\\g_map.php on line 47, referer: http://localhost/index.php
[Fri Jun 08 07:14:05.653312 2018] [php7:warn] [pid 5880:tid 1080] [client ::1:52687] PHP Warning:  Use of undefined constant row - assumed 'row' (this will throw an Error in a future version of PHP) in C:\\t_site\\g_map.php on line 47, referer: http://localhost/index.php
[Fri Jun 08 07:14:05.653312 2018] [php7:warn] [pid 5880:tid 1080] [client ::1:52687] PHP Warning:  Use of undefined constant row - assumed 'row' (this will throw an Error in a future version of PHP) in C:\\t_site\\g_map.php on line 47, referer: http://localhost/index.php
[Fri Jun 08 07:14:05.653312 2018] [php7:warn] [pid 5880:tid 1080] [client ::1:52687] PHP Warning:  Use of undefined constant row - assumed 'row' (this will throw an Error in a future version of PHP) in C:\\t_site\\g_map.php on line 47, referer: http://localhost/index.php
[Fri Jun 08 10:50:51.623834 2018] [php7:crit] [pid 5880:tid 1080] [client ::1:52964] PHP Parse error:  syntax error, unexpected '/', expecting end of file in C:\\t_site\\index.php on line 38, referer: http://localhost/manage_users.php
[Fri Jun 08 10:51:12.148028 2018] [php7:crit] [pid 5880:tid 1080] [client ::1:52965] PHP Parse error:  syntax error, unexpected 'https' (T_STRING), expecting ',' or ';' in C:\\t_site\\index.php on line 55, referer: http://localhost/manage_users.php
